#
# There is insufficient memory for the Java Runtime Environment to continue.
# Native memory allocation (mmap) failed to map 65536 bytes. Error detail: Failed to commit metaspace.
# Possible reasons:
#   The system is out of physical RAM or swap space
#   This process is running with CompressedOops enabled, and the Java Heap may be blocking the growth of the native heap
# Possible solutions:
#   Reduce memory load on the system
#   Increase physical memory or swap space
#   Check if swap backing store is full
#   Decrease Java heap size (-Xmx/-Xms)
#   Decrease number of Java threads
#   Decrease Java thread stack sizes (-Xss)
#   Set larger code cache with -XX:ReservedCodeCacheSize=
#   JVM is running with Unscaled Compressed Oops mode in which the Java heap is
#     placed in the first 4GB address space. The Java Heap base address is the
#     maximum limit for the native heap growth. Please use -XX:HeapBaseMinAddress
#     to set the Java Heap base and to place the Java Heap above 4GB virtual address.
# This output file may be truncated or incomplete.
#
#  Out of Memory Error (virtualSpaceNode.cpp:113), pid=22044, tid=21972
#
# JRE version: OpenJDK Runtime Environment Temurin-21.0.9+10 (21.0.9+10) (build 21.0.9+10-LTS)
# Java VM: OpenJDK 64-Bit Server VM Temurin-21.0.9+10 (21.0.9+10-LTS, mixed mode, sharing, tiered, compressed oops, compressed class ptrs, parallel gc, windows-amd64)
# No core dump will be written. Minidumps are not enabled by default on client versions of Windows
#

---------------  S U M M A R Y ------------

Command Line: --add-modules=ALL-SYSTEM --add-opens=java.base/java.util=ALL-UNNAMED --add-opens=java.base/java.lang=ALL-UNNAMED --add-opens=java.base/sun.nio.fs=ALL-UNNAMED -Declipse.application=org.eclipse.jdt.ls.core.id1 -Dosgi.bundles.defaultStartLevel=4 -Declipse.product=org.eclipse.jdt.ls.core.product -Djava.import.generatesMetadataFilesAtProjectRoot=false -DDetectVMInstallationsJob.disabled=true -Dfile.encoding=utf8 -XX:+UseParallelGC -XX:GCTimeRatio=4 -XX:AdaptiveSizePolicyWeight=90 -Dsun.zip.disableMemoryMapping=true -Xmx2G -Xms100m -Xlog:disable -javaagent:c:\Users\vidhu\.vscode\extensions\redhat.java-1.50.0-win32-x64\lombok\lombok-1.18.39-4050.jar -XX:+HeapDumpOnOutOfMemoryError -XX:HeapDumpPath=c:\Users\vidhu\AppData\Roaming\Code\User\workspaceStorage\49c52aec0c0f0eaed3f57af150e8482a\redhat.java -Daether.dependencyCollector.impl=bf c:\Users\vidhu\.vscode\extensions\redhat.java-1.50.0-win32-x64\server\plugins\org.eclipse.equinox.launcher_1.7.100.v20251111-0406.jar -configuration c:\Users\vidhu\AppData\Roaming\Code\User\globalStorage\redhat.java\1.50.0\config_win -data c:\Users\vidhu\AppData\Roaming\Code\User\workspaceStorage\49c52aec0c0f0eaed3f57af150e8482a\redhat.java\jdt_ws --pipe=\\.\pipe\lsp-b91eb9030a5c35ae5f1ca07aa6d79c40-sock

Host: 12th Gen Intel(R) Core(TM) i3-1215U, 8 cores, 7G,  Windows 11 , 64 bit Build 22621 (10.0.22621.5415)
Time: Mon Dec 15 20:11:59 2025 India Standard Time elapsed time: 2.711993 seconds (0d 0h 0m 2s)

---------------  T H R E A D  ---------------

Current thread (0x0000019f1e90b9a0):  JavaThread "Start Level: Equinox Container: acb93c4e-2972-49ba-be97-0404c25aaadd" daemon [_thread_in_vm, id=21972, stack(0x0000000a46b00000,0x0000000a46c00000) (1024K)]

Stack: [0x0000000a46b00000,0x0000000a46c00000]
Native frames: (J=compiled Java code, j=interpreted, Vv=VM code, C=native code)
V  [jvm.dll+0x6d6e29]
V  [jvm.dll+0x8b4b76]
V  [jvm.dll+0x8b712e]
V  [jvm.dll+0x8b7813]
V  [jvm.dll+0x283d86]
V  [jvm.dll+0x8b08be]
V  [jvm.dll+0x678824]
V  [jvm.dll+0x1e80ab]
V  [jvm.dll+0x1e7e6e]
V  [jvm.dll+0x67b122]
V  [jvm.dll+0x67af52]
V  [jvm.dll+0x6791fe]
V  [jvm.dll+0x280c57]
V  [jvm.dll+0x72d13f]
V  [jvm.dll+0x72dc7f]
V  [jvm.dll+0x3cbed1]
V  [jvm.dll+0x3caca7]
V  [jvm.dll+0x3cac48]
V  [jvm.dll+0x3dc78a]
C  0x0000019ecaed925f

The last pc belongs to new (printed below).
Java frames: (J=compiled Java code, j=interpreted, Vv=VM code)
j  org.eclipse.core.internal.resources.Workspace.startup(Lorg/eclipse/core/runtime/IProgressMonitor;)V+80
j  org.eclipse.core.internal.resources.Workspace.open(Lorg/eclipse/core/runtime/IProgressMonitor;)Lorg/eclipse/core/runtime/IStatus;+137
j  org.eclipse.core.resources.ResourcesPlugin$WorkspaceInitCustomizer.addingService(Lorg/osgi/framework/ServiceReference;)Lorg/eclipse/core/internal/resources/Workspace;+45
j  org.eclipse.core.resources.ResourcesPlugin$WorkspaceInitCustomizer.addingService(Lorg/osgi/framework/ServiceReference;)Ljava/lang/Object;+5
j  org.osgi.util.tracker.ServiceTracker$Tracked.customizerAdding(Lorg/osgi/framework/ServiceReference;Lorg/osgi/framework/ServiceEvent;)Ljava/lang/Object;+8
j  org.osgi.util.tracker.ServiceTracker$Tracked.customizerAdding(Ljava/lang/Object;Ljava/lang/Object;)Ljava/lang/Object;+9
J 2667 c1 org.osgi.util.tracker.AbstractTracked.trackAdding(Ljava/lang/Object;Ljava/lang/Object;)V (167 bytes) @ 0x0000019ec3e9528c [0x0000019ec3e95160+0x000000000000012c]
j  org.osgi.util.tracker.AbstractTracked.trackInitial()V+90
j  org.osgi.util.tracker.ServiceTracker.open(Z)V+198
j  org.osgi.util.tracker.ServiceTracker.open()V+2
j  org.eclipse.core.resources.ResourcesPlugin.start(Lorg/osgi/framework/BundleContext;)V+106
j  org.eclipse.osgi.internal.framework.BundleContextImpl$2.run()Ljava/lang/Void;+23
j  org.eclipse.osgi.internal.framework.BundleContextImpl$2.run()Ljava/lang/Object;+1
J 1144 c1 java.security.AccessController.executePrivileged(Ljava/security/PrivilegedExceptionAction;Ljava/security/AccessControlContext;Ljava/lang/Class;)Ljava/lang/Object; java.base@21.0.9 (65 bytes) @ 0x0000019ec3b56244 [0x0000019ec3b560e0+0x0000000000000164]
j  java.security.AccessController.doPrivileged(Ljava/security/PrivilegedExceptionAction;)Ljava/lang/Object;+9 java.base@21.0.9
j  org.eclipse.osgi.internal.framework.BundleContextImpl.startActivator(Lorg/osgi/framework/BundleActivator;)V+9
j  org.eclipse.osgi.internal.framework.BundleContextImpl.start()V+141
j  org.eclipse.osgi.internal.framework.EquinoxBundle.startWorker0()V+35
j  org.eclipse.osgi.internal.framework.EquinoxBundle$EquinoxModule.startWorker()V+4
j  org.eclipse.osgi.container.Module.doStart([Lorg/eclipse/osgi/container/Module$StartOptions;)Lorg/eclipse/osgi/container/ModuleContainerAdaptor$ModuleEvent;+200
j  org.eclipse.osgi.container.Module.start([Lorg/eclipse/osgi/container/Module$StartOptions;)V+460
j  org.eclipse.osgi.framework.util.SecureAction.start(Lorg/eclipse/osgi/container/Module;[Lorg/eclipse/osgi/container/Module$StartOptions;)V+8
J 2648 c1 org.eclipse.osgi.internal.hooks.EclipseLazyStarter.postFindLocalClass(Ljava/lang/String;Ljava/lang/Class;Lorg/eclipse/osgi/internal/loader/classpath/ClasspathManager;)V (394 bytes) @ 0x0000019ec3e81f94 [0x0000019ec3e80fc0+0x0000000000000fd4]
J 2646 c1 org.eclipse.osgi.internal.loader.classpath.ClasspathManager.findLocalClass(Ljava/lang/String;)Ljava/lang/Class; (210 bytes) @ 0x0000019ec3e7f5f4 [0x0000019ec3e7e5e0+0x0000000000001014]
J 2438 c1 org.eclipse.osgi.internal.loader.BundleLoader.findLocalClass(Ljava/lang/String;)Ljava/lang/Class; (159 bytes) @ 0x0000019ec3e13e4c [0x0000019ec3e13260+0x0000000000000bec]
J 2355 c1 org.eclipse.osgi.internal.loader.BundleLoader.findClass0(Ljava/lang/String;ZZ)Ljava/lang/Class; (490 bytes) @ 0x0000019ec3dcfa5c [0x0000019ec3dcc8c0+0x000000000000319c]
J 2354 c1 org.eclipse.osgi.internal.loader.BundleLoader.findClass(Ljava/lang/String;)Ljava/lang/Class; (8 bytes) @ 0x0000019ec3dcbecc [0x0000019ec3dcbe40+0x000000000000008c]
J 2356 c1 org.eclipse.osgi.internal.loader.ModuleClassLoader.loadClass(Ljava/lang/String;Z)Ljava/lang/Class; (36 bytes) @ 0x0000019ec3dd384c [0x0000019ec3dd3620+0x000000000000022c]
J 1003 c1 java.lang.ClassLoader.loadClass(Ljava/lang/String;)Ljava/lang/Class; java.base@21.0.9 (7 bytes) @ 0x0000019ec3b19454 [0x0000019ec3b19340+0x0000000000000114]
v  ~StubRoutines::call_stub 0x0000019ecaec100d
j  java.lang.Class.getDeclaredConstructors0(Z)[Ljava/lang/reflect/Constructor;+0 java.base@21.0.9
j  java.lang.Class.privateGetDeclaredConstructors(Z)[Ljava/lang/reflect/Constructor;+52 java.base@21.0.9
j  java.lang.Class.getConstructor0([Ljava/lang/Class;I)Ljava/lang/reflect/Constructor;+14 java.base@21.0.9
j  java.lang.Class.getConstructor([Ljava/lang/Class;)Ljava/lang/reflect/Constructor;+24 java.base@21.0.9
j  org.eclipse.osgi.internal.framework.BundleContextImpl.loadBundleActivator()Lorg/osgi/framework/BundleActivator;+105
j  org.eclipse.osgi.internal.framework.BundleContextImpl.start()V+18
j  org.eclipse.osgi.internal.framework.EquinoxBundle.startWorker0()V+35
j  org.eclipse.osgi.internal.framework.EquinoxBundle$EquinoxModule.startWorker()V+4
j  org.eclipse.osgi.container.Module.doStart([Lorg/eclipse/osgi/container/Module$StartOptions;)Lorg/eclipse/osgi/container/ModuleContainerAdaptor$ModuleEvent;+200
j  org.eclipse.osgi.container.Module.start([Lorg/eclipse/osgi/container/Module$StartOptions;)V+460
j  org.eclipse.osgi.container.ModuleContainer$ContainerStartLevel$2.run()V+83
j  org.eclipse.osgi.internal.framework.EquinoxContainerAdaptor$1$1.execute(Ljava/lang/Runnable;)V+1
j  org.eclipse.osgi.container.ModuleContainer$ContainerStartLevel.incStartLevel(ILjava/util/List;Z)V+193
j  org.eclipse.osgi.container.ModuleContainer$ContainerStartLevel.incStartLevel(ILjava/util/List;Ljava/util/List;Ljava/util/List;Ljava/util/List;)V+19
j  org.eclipse.osgi.container.ModuleContainer$ContainerStartLevel.doContainerStartLevel(Lorg/eclipse/osgi/container/Module;I[Lorg/osgi/framework/FrameworkListener;)V+358
j  org.eclipse.osgi.container.ModuleContainer$ContainerStartLevel.dispatchEvent(Lorg/eclipse/osgi/container/Module;[Lorg/osgi/framework/FrameworkListener;ILjava/lang/Integer;)V+32
j  org.eclipse.osgi.container.ModuleContainer$ContainerStartLevel.dispatchEvent(Ljava/lang/Object;Ljava/lang/Object;ILjava/lang/Object;)V+15
j  org.eclipse.osgi.framework.eventmgr.EventManager.dispatchEvent(Ljava/util/Set;Lorg/eclipse/osgi/framework/eventmgr/EventDispatcher;ILjava/lang/Object;)V+48
j  org.eclipse.osgi.framework.eventmgr.EventManager$EventThread.run()V+26
v  ~StubRoutines::call_stub 0x0000019ecaec100d
new  187 new  [0x0000019ecaed90e0, 0x0000019ecaed92e8]  520 bytes
[MachCode]
  0x0000019ecaed90e0: 4883 ec08 | c5fa 1104 | 24eb 1f48 | 83ec 10c5 | fb11 0424 | eb14 4883 | ec10 4889 | 0424 48c7 
  0x0000019ecaed9100: 4424 0800 | 0000 00eb | 0150 410f | b755 010f | cac1 ea10 | 488b 4de8 | 488b 4908 | 488b 4908 
  0x0000019ecaed9120: 488b 4108 | 807c 1004 | 070f 85d3 | 0000 0066 | 8b54 d148 | 488b 4928 | 488b 4cd1 | 0851 80b9 
  0x0000019ecaed9140: 3101 0000 | 040f 85b6 | 0000 008b | 5108 f6c2 | 010f 85aa | 0000 0049 | 8b87 b801 | 0000 488d 
  0x0000019ecaed9160: 1c10 493b | 9fc8 0100 | 000f 8792 | 0000 0049 | 899f b801 | 0000 4883 | ea10 0f84 | 0f00 0000 
  0x0000019ecaed9180: 33c9 c1ea | 0348 894c | d008 48ff | ca75 f648 | c700 0100 | 0000 5933 | f689 700c | 49ba 0000 
  0x0000019ecaed91a0: 00d8 9e01 | 0000 492b | ca89 4808 | 49ba d84d | cf21 fa7f | 0000 4180 | 3a00 0f84 | 3c00 0000 
  0x0000019ecaed91c0: 5048 8bc8 | 4883 ec20 | 40f6 c40f | 0f84 1900 | 0000 4883 | ec08 48b8 | 80d5 7821 | fa7f 0000 
  0x0000019ecaed91e0: ffd0 4883 | c408 e90c | 0000 0048 | b880 d578 | 21fa 7f00 | 00ff d048 | 83c4 2058 | e9cb 0000 
  0x0000019ecaed9200: 0059 488b | 55e8 488b | 5208 488b | 5208 450f | b745 0141 | 0fc8 41c1 | e810 e805 | 0000 00e9 
  0x0000019ecaed9220: a800 0000 | 488d 4424 | 084c 896d | c049 8bcf | c5f8 7749 | 89af a803 | 0000 4989 | 8798 0300 
  0x0000019ecaed9240: 0048 83ec | 2040 f6c4 | 0f0f 8419 | 0000 0048 | 83ec 0848 | b800 c742 | 21fa 7f00 | 00ff d048 
  0x0000019ecaed9260: 83c4 08e9 | 0c00 0000 | 48b8 00c7 | 4221 fa7f | 0000 ffd0 | 4883 c420 | 49c7 8798 | 0300 0000 
  0x0000019ecaed9280: 0000 0049 | c787 a803 | 0000 0000 | 0000 49c7 | 87a0 0300 | 0000 0000 | 00c5 f877 | 4983 7f08 
  0x0000019ecaed92a0: 000f 8405 | 0000 00e9 | 547c feff | 498b 87f0 | 0300 0049 | c787 f003 | 0000 0000 | 0000 4c8b 
  0x0000019ecaed92c0: 6dc0 4c8b | 75c8 4e8d | 74f5 00c3 | 410f b65d | 0349 83c5 | 0349 ba30 | 15d2 21fa | 7f00 0041 
  0x0000019ecaed92e0: ff24 da0f | 1f44 0000 
[/MachCode]

Compiled method (c1) 2747 2667   !   3       org.osgi.util.tracker.AbstractTracked::trackAdding (167 bytes)
 total in heap  [0x0000019ec3e94f10,0x0000019ec3e95e60] = 3920
 relocation     [0x0000019ec3e95070,0x0000019ec3e95148] = 216
 main code      [0x0000019ec3e95160,0x0000019ec3e95ad0] = 2416
 stub code      [0x0000019ec3e95ad0,0x0000019ec3e95b78] = 168
 oops           [0x0000019ec3e95b78,0x0000019ec3e95b80] = 8
 metadata       [0x0000019ec3e95b80,0x0000019ec3e95b88] = 8
 scopes data    [0x0000019ec3e95b88,0x0000019ec3e95c70] = 232
 scopes pcs     [0x0000019ec3e95c70,0x0000019ec3e95d60] = 240
 dependencies   [0x0000019ec3e95d60,0x0000019ec3e95d68] = 8
 handler table  [0x0000019ec3e95d68,0x0000019ec3e95e40] = 216
 nul chk table  [0x0000019ec3e95e40,0x0000019ec3e95e60] = 32

[Constant Pool (empty)]

[MachCode]
[Entry Point]
  # {method} {0x0000019f1a6c3028} 'trackAdding' '(Ljava/lang/Object;Ljava/lang/Object;)V' in 'org/osgi/util/tracker/AbstractTracked'
  # this:     rdx:rdx   = 'org/osgi/util/tracker/AbstractTracked'
  # parm0:    r8:r8     = 'java/lang/Object'
  # parm1:    r9:r9     = 'java/lang/Object'
  #           [sp+0x80]  (sp of caller)
  0x0000019ec3e95160: 448b 5208 | 49bb 0000 | 00d8 9e01 | 0000 4d03 | d34c 3bd0 

  0x0000019ec3e95174: ;   {runtime_call ic_miss_stub}
  0x0000019ec3e95174: 0f85 0693 | 0707 660f | 1f44 0000 
[Verified Entry Point]
  0x0000019ec3e95180: 8984 2400 | 80ff ff55 | 4883 ec70 | 4181 7f20 | 0100 0000 

  0x0000019ec3e95194: ;   {runtime_call StubRoutines (final stubs)}
  0x0000019ec3e95194: 7405 e845 | 3806 0748 | 8954 2428 

  0x0000019ec3e951a0: ;   {metadata(method data for {method} {0x0000019f1a6c3028} 'trackAdding' '(Ljava/lang/Object;Ljava/lang/Object;)V' in 'org/osgi/util/tracker/AbstractTracked')}
  0x0000019ec3e951a0: 48be c812 | b31a 9f01 | 0000 8bbe | cc00 0000 | 83c7 0289 | becc 0000 | 0081 e7fe | 0700 0085 
  0x0000019ec3e951c0: ff0f 8424 | 0800 0048 

  0x0000019ec3e951c8: ;   {metadata(method data for {method} {0x0000019f1a6c3028} 'trackAdding' '(Ljava/lang/Object;Ljava/lang/Object;)V' in 'org/osgi/util/tracker/AbstractTracked')}
  0x0000019ec3e951c8: 8bf2 48bf | c812 b31a | 9f01 0000 | 8b76 0849 | ba00 0000 | d89e 0100 | 0049 03f2 | 483b b720 
  0x0000019ec3e951e8: 0100 0075 | 0d48 8387 | 2801 0000 | 01e9 6000 | 0000 483b | b730 0100 | 0075 0d48 | 8387 3801 
  0x0000019ec3e95208: 0000 01e9 | 4a00 0000 | 4883 bf20 | 0100 0000 | 7517 4889 | b720 0100 | 0048 c787 | 2801 0000 
  0x0000019ec3e95228: 0100 0000 | e929 0000 | 0048 83bf | 3001 0000 | 0075 1748 | 89b7 3001 | 0000 48c7 | 8738 0100 
  0x0000019ec3e95248: 0001 0000 | 00e9 0800 | 0000 4883 | 8710 0100 | 0001 498b | f04c 8bc6 | 498b f94c | 8bcf 488b 
  0x0000019ec3e95268: da48 8bd3 | 4889 7c24 | 3848 8974 | 2430 0f1f | 8000 0000 | 0048 b8ff | ffff ffff 

  0x0000019ec3e95284: ;   {virtual_call}
  0x0000019ec3e95284: ffff ffe8 

  0x0000019ec3e95288: ; ImmutableOopMap {[40]=Oop [48]=Oop [56]=Oop }
                      ;*invokevirtual customizerAdding {reexecute=0 rethrow=0 return_oop=0}
                      ; - org.osgi.util.tracker.AbstractTracked::trackAdding@8 (line 257)
  0x0000019ec3e95288: d470 0707 

  0x0000019ec3e9528c: ;   {other}
  0x0000019ec3e9528c: 0f1f 8400 | 7c03 0000 | 4889 4424 

  0x0000019ec3e95298: ;   {metadata(method data for {method} {0x0000019f1a6c3028} 'trackAdding' '(Ljava/lang/Object;Ljava/lang/Object;)V' in 'org/osgi/util/tracker/AbstractTracked')}
  0x0000019ec3e95298: 4049 b8c8 | 12b3 1a9f | 0100 0041 | ff80 4801 | 0000 488b | 5424 284c | 8d44 2450 | 4989 5008 
  0x0000019ec3e952b8: 488b 0248 | 83c8 0149 | 8900 f04c | 0fb1 020f | 8412 0000 | 0048 2bc4 | 4825 07f0 | ffff 4989 
  0x0000019ec3e952d8: 000f 852d | 0700 0049 | ff87 4805 | 0000 8b72 | 1848 3b06 

  0x0000019ec3e952ec: ;   {metadata(method data for {method} {0x0000019f1a6c3028} 'trackAdding' '(Ljava/lang/Object;Ljava/lang/Object;)V' in 'org/osgi/util/tracker/AbstractTracked')}
  0x0000019ec3e952ec: 4c8b c648 | bfc8 12b3 | 1a9f 0100 | 0045 8b40 | 0849 ba00 | 0000 d89e | 0100 004d | 03c2 4c3b 
  0x0000019ec3e9530c: 87e0 0200 | 0075 0d48 | 8387 e802 | 0000 01e9 | 6000 0000 | 4c3b 87f0 | 0200 0075 | 0d48 8387 
  0x0000019ec3e9532c: f802 0000 | 01e9 4a00 | 0000 4883 | bfe0 0200 | 0000 7517 | 4c89 87e0 | 0200 0048 | c787 e802 
  0x0000019ec3e9534c: 0000 0100 | 0000 e929 | 0000 0048 | 83bf f002 | 0000 0075 | 174c 8987 | f002 0000 | 48c7 87f8 
  0x0000019ec3e9536c: 0200 0001 | 0000 00e9 | 0800 0000 | 4883 87d0 | 0200 0001 | 4c8b 4424 | 3048 8bd6 | 0f1f 4400 
  0x0000019ec3e9538c: 0048 b8e8 | a20b d89e 

  0x0000019ec3e95394: ;   {virtual_call}
  0x0000019ec3e95394: 0100 00e8 

  0x0000019ec3e95398: ; ImmutableOopMap {[40]=Oop [48]=Oop [56]=Oop [64]=Oop [88]=Oop }
                      ;*invokeinterface remove {reexecute=0 rethrow=0 return_oop=0}
                      ; - org.osgi.util.tracker.AbstractTracked::trackAdding@95 (line 264)
  0x0000019ec3e95398: 64dd f2ff 

  0x0000019ec3e9539c: ;   {other}
  0x0000019ec3e9539c: 0f1f 8400 | 8c04 0001 

  0x0000019ec3e953a4: ;   {metadata(method data for {method} {0x0000019f1a6c3028} 'trackAdding' '(Ljava/lang/Object;Ljava/lang/Object;)V' in 'org/osgi/util/tracker/AbstractTracked')}
  0x0000019ec3e953a4: 85c0 49b8 | c812 b31a | 9f01 0000 | 49c7 c108 | 0300 0074 | 0749 c7c1 | 1803 0000 | 4b8b 1408 
  0x0000019ec3e953c4: 488d 5201 | 4b89 1408 | 488b 5424 | 280f 8434 | 0000 0044 | 0fbe 4210 

  0x0000019ec3e953dc: ;   {metadata(method data for {method} {0x0000019f1a6c3028} 'trackAdding' '(Ljava/lang/Object;Ljava/lang/Object;)V' in 'org/osgi/util/tracker/AbstractTracked')}
  0x0000019ec3e953dc: 4585 c049 | b8c8 12b3 | 1a9f 0100 | 0049 c7c1 | 3803 0000 | 7407 49c7 | c128 0300 | 004b 8b34 
  0x0000019ec3e953fc: 0848 8d76 | 014b 8934 | 080f 840a | 0000 00be | 0100 0000 | e9fc 0100 | 0048 8b44 | 2440 4885 
  0x0000019ec3e9541c: ;   {metadata(method data for {method} {0x0000019f1a6c3028} 'trackAdding' '(Ljava/lang/Object;Ljava/lang/Object;)V' in 'org/osgi/util/tracker/AbstractTracked')}
  0x0000019ec3e9541c: c049 b8c8 | 12b3 1a9f | 0100 0049 | c7c1 5803 | 0000 7507 | 49c7 c148 | 0300 004b | 8b34 0848 
  0x0000019ec3e9543c: 8d76 014b | 8934 080f | 850a 0000 | 00be 0000 | 0000 e9be | 0100 008b | 7214 483b | 064c 8bc6 
  0x0000019ec3e9545c: ;   {metadata(method data for {method} {0x0000019f1a6c3028} 'trackAdding' '(Ljava/lang/Object;Ljava/lang/Object;)V' in 'org/osgi/util/tracker/AbstractTracked')}
  0x0000019ec3e9545c: 49b9 c812 | b31a 9f01 | 0000 458b | 4008 49ba | 0000 00d8 | 9e01 0000 | 4d03 c24d | 3b81 7803 
  0x0000019ec3e9547c: 0000 750d | 4983 8180 | 0300 0001 | e960 0000 | 004d 3b81 | 8803 0000 | 750d 4983 | 8190 0300 
  0x0000019ec3e9549c: 0001 e94a | 0000 0049 | 83b9 7803 | 0000 0075 | 174d 8981 | 7803 0000 | 49c7 8180 | 0300 0001 
  0x0000019ec3e954bc: 0000 00e9 | 2900 0000 | 4983 b988 | 0300 0000 | 7517 4d89 | 8188 0300 | 0049 c781 | 9003 0000 
  0x0000019ec3e954dc: 0100 0000 | e908 0000 | 0049 8381 | 6803 0000 | 014c 8b44 | 2430 4c8b | c848 8bd6 | 0f1f 4400 
  0x0000019ec3e954fc: 0048 b880 | c208 d89e 

  0x0000019ec3e95504: ;   {virtual_call}
  0x0000019ec3e95504: 0100 00e8 

  0x0000019ec3e95508: ; ImmutableOopMap {[40]=Oop [48]=Oop [56]=Oop [64]=Oop [88]=Oop }
                      ;*invokeinterface put {reexecute=0 rethrow=0 return_oop=0}
                      ; - org.osgi.util.tracker.AbstractTracked::trackAdding@120 (line 270)
  0x0000019ec3e95508: 9414 6507 

  0x0000019ec3e9550c: ;   {other}
  0x0000019ec3e9550c: 0f1f 8400 | fc05 0002 | 488b 5424 

  0x0000019ec3e95518: ;   {metadata(method data for {method} {0x0000019f1a6c3028} 'trackAdding' '(Ljava/lang/Object;Ljava/lang/Object;)V' in 'org/osgi/util/tracker/AbstractTracked')}
  0x0000019ec3e95518: 2848 bec8 | 12b3 1a9f | 0100 008b | 5208 49ba | 0000 00d8 | 9e01 0000 | 4903 d248 | 3b96 b003 
  0x0000019ec3e95538: 0000 750d | 4883 86b8 | 0300 0001 | e960 0000 | 0048 3b96 | c003 0000 | 750d 4883 | 86c8 0300 
  0x0000019ec3e95558: 0001 e94a | 0000 0048 | 83be b003 | 0000 0075 | 1748 8996 | b003 0000 | 48c7 86b8 | 0300 0001 
  0x0000019ec3e95578: 0000 00e9 | 2900 0000 | 4883 bec0 | 0300 0000 | 7517 4889 | 96c0 0300 | 0048 c786 | c803 0000 
  0x0000019ec3e95598: 0100 0000 | e908 0000 | 0048 8386 | a003 0000 | 0148 8b54 | 2428 0f1f | 8000 0000 | 0048 b8ff 
  0x0000019ec3e955b8: ffff ffff 

  0x0000019ec3e955bc: ;   {virtual_call}
  0x0000019ec3e955bc: ffff ffe8 

  0x0000019ec3e955c0: ; ImmutableOopMap {[40]=Oop [48]=Oop [56]=Oop [64]=Oop [88]=Oop }
                      ;*invokevirtual modified {reexecute=0 rethrow=0 return_oop=0}
                      ; - org.osgi.util.tracker.AbstractTracked::trackAdding@127 (line 271)
  0x0000019ec3e955c0: dc6d 0707 

  0x0000019ec3e955c4: ;   {other}
  0x0000019ec3e955c4: 0f1f 8400 | b406 0003 | 488b 5424 

  0x0000019ec3e955d0: ;   {metadata(method data for {method} {0x0000019f1a6c3028} 'trackAdding' '(Ljava/lang/Object;Ljava/lang/Object;)V' in 'org/osgi/util/tracker/AbstractTracked')}
  0x0000019ec3e955d0: 2848 bec8 | 12b3 1a9f | 0100 0048 | 8386 d803 | 0000 0148 | 8b54 2428 | 0f1f 8000 

  0x0000019ec3e955ec: ;   {optimized virtual_call}
  0x0000019ec3e955ec: 0000 00e8 

  0x0000019ec3e955f0: ; ImmutableOopMap {[40]=Oop [48]=Oop [56]=Oop [64]=Oop [88]=Oop }
                      ;*invokevirtual notifyAll {reexecute=0 rethrow=0 return_oop=0}
                      ; - org.osgi.util.tracker.AbstractTracked::trackAdding@131 (line 272)
  0x0000019ec3e955f0: 4c4d 6307 

  0x0000019ec3e955f4: ;   {other}
  0x0000019ec3e955f4: 0f1f 8400 | e406 0004 

  0x0000019ec3e955fc: ;   {metadata(method data for {method} {0x0000019f1a6c3028} 'trackAdding' '(Ljava/lang/Object;Ljava/lang/Object;)V' in 'org/osgi/util/tracker/AbstractTracked')}
  0x0000019ec3e955fc: 48b8 c812 | b31a 9f01 | 0000 ff80 | 1004 0000 | be00 0000 | 0048 8d44 | 2450 4c8b | 004d 85c0 
  0x0000019ec3e9561c: 0f84 0f00 | 0000 488b | 5008 f04c | 0fb1 020f | 85f8 0300 | 0049 ff8f | 4805 0000 

  0x0000019ec3e95638: ;   {metadata(method data for {method} {0x0000019f1a6c3028} 'trackAdding' '(Ljava/lang/Object;Ljava/lang/Object;)V' in 'org/osgi/util/tracker/AbstractTracked')}
  0x0000019ec3e95638: 48b8 c812 | b31a 9f01 | 0000 ff80 | 2804 0000 

  0x0000019ec3e95648: ;   {metadata(method data for {method} {0x0000019f1a6c3028} 'trackAdding' '(Ljava/lang/Object;Ljava/lang/Object;)V' in 'org/osgi/util/tracker/AbstractTracked')}
  0x0000019ec3e95648: 85f6 48b8 | c812 b31a | 9f01 0000 | 49c7 c040 | 0400 0074 | 0749 c7c0 | 5004 0000 | 4a8b 1400 
  0x0000019ec3e95668: 488d 5201 | 4a89 1400 | 0f84 ae02 | 0000 488b | 4424 4048 

  0x0000019ec3e9567c: ;   {metadata(method data for {method} {0x0000019f1a6c3028} 'trackAdding' '(Ljava/lang/Object;Ljava/lang/Object;)V' in 'org/osgi/util/tracker/AbstractTracked')}
  0x0000019ec3e9567c: 85c0 49b8 | c812 b31a | 9f01 0000 | 48c7 c260 | 0400 0074 | 0748 c7c2 | 7004 0000 | 498b 3410 
  0x0000019ec3e9569c: 488d 7601 | 4989 3410 | 0f84 7a02 | 0000 e9b6 | 0100 0048 | 8b54 2428 | 498b 87f8 | 0400 004d 
  0x0000019ec3e956bc: 33d2 4d89 | 97f8 0400 | 004d 33d2 | 4d89 9700 | 0500 004c | 8d44 2450 | 4889 4424 | 4849 8950 
  0x0000019ec3e956dc: 0848 8b02 | 4883 c801 | 4989 00f0 | 4c0f b102 | 0f84 1200 | 0000 482b | c448 2507 | f0ff ff49 
  0x0000019ec3e956fc: 8900 0f85 | 3803 0000 | 49ff 8748 | 0500 008b | 7218 483b | 064c 8bc6 

  0x0000019ec3e95714: ;   {metadata(method data for {method} {0x0000019f1a6c3028} 'trackAdding' '(Ljava/lang/Object;Ljava/lang/Object;)V' in 'org/osgi/util/tracker/AbstractTracked')}
  0x0000019ec3e95714: 48bf c812 | b31a 9f01 | 0000 458b | 4008 49ba | 0000 00d8 | 9e01 0000 | 4d03 c24c | 3b87 7001 
  0x0000019ec3e95734: 0000 750d | 4883 8778 | 0100 0001 | e960 0000 | 004c 3b87 | 8001 0000 | 750d 4883 | 8788 0100 
  0x0000019ec3e95754: 0001 e94a | 0000 0048 | 83bf 7001 | 0000 0075 | 174c 8987 | 7001 0000 | 48c7 8778 | 0100 0001 
  0x0000019ec3e95774: 0000 00e9 | 2900 0000 | 4883 bf80 | 0100 0000 | 7517 4c89 | 8780 0100 | 0048 c787 | 8801 0000 
  0x0000019ec3e95794: 0100 0000 | e908 0000 | 0048 8387 | 6001 0000 | 014c 8b44 | 2430 488b | d648 b8ff | ffff ffff 
  0x0000019ec3e957b4: ;   {virtual_call}
  0x0000019ec3e957b4: ffff ffe8 

  0x0000019ec3e957b8: ; ImmutableOopMap {[40]=Oop [48]=Oop [72]=Oop [88]=Oop }
                      ;*invokeinterface remove {reexecute=0 rethrow=0 return_oop=0}
                      ; - org.osgi.util.tracker.AbstractTracked::trackAdding@27 (line 264)
  0x0000019ec3e957b8: c492 0707 

  0x0000019ec3e957bc: ;   {other}
  0x0000019ec3e957bc: 0f1f 8400 | ac08 0005 

  0x0000019ec3e957c4: ;   {metadata(method data for {method} {0x0000019f1a6c3028} 'trackAdding' '(Ljava/lang/Object;Ljava/lang/Object;)V' in 'org/osgi/util/tracker/AbstractTracked')}
  0x0000019ec3e957c4: 85c0 48b8 | c812 b31a | 9f01 0000 | 49c7 c098 | 0100 0074 | 0749 c7c0 | a801 0000 | 4e8b 0c00 
  0x0000019ec3e957e4: 4d8d 4901 | 4e89 0c00 | 0f84 4700 | 0000 488b | 5424 280f | be42 1085 

  0x0000019ec3e957fc: ;   {metadata(method data for {method} {0x0000019f1a6c3028} 'trackAdding' '(Ljava/lang/Object;Ljava/lang/Object;)V' in 'org/osgi/util/tracker/AbstractTracked')}
  0x0000019ec3e957fc: c048 b8c8 | 12b3 1a9f | 0100 0049 | c7c0 b801 | 0000 7507 | 49c7 c0c8 | 0100 004e | 8b0c 004d 
  0x0000019ec3e9581c: 8d49 014e | 890c 000f | 8510 0000 

  0x0000019ec3e95828: ;   {metadata(method data for {method} {0x0000019f1a6c3028} 'trackAdding' '(Ljava/lang/Object;Ljava/lang/Object;)V' in 'org/osgi/util/tracker/AbstractTracked')}
  0x0000019ec3e95828: 0048 b8c8 | 12b3 1a9f | 0100 00ff | 80d8 0100 | 0048 8d44 | 2450 4c8b | 004d 85c0 | 0f84 0f00 
  0x0000019ec3e95848: 0000 4c8b | 4808 f04d | 0fb1 010f | 85fb 0100 | 0049 ff8f | 4805 0000 | e9d2 0000 | 004c 8b4c 
  0x0000019ec3e95868: 2438 4c8b | 4424 3048 | 8b54 2428 

  0x0000019ec3e95874: ;   {metadata(method data for {method} {0x0000019f1a6c3028} 'trackAdding' '(Ljava/lang/Object;Ljava/lang/Object;)V' in 'org/osgi/util/tracker/AbstractTracked')}
  0x0000019ec3e95874: 488b fa48 | bec8 12b3 | 1a9f 0100 | 008b 7f08 | 49ba 0000 | 00d8 9e01 | 0000 4903 | fa48 3bbe 
  0x0000019ec3e95894: 9004 0000 | 750d 4883 | 8698 0400 | 0001 e960 | 0000 0048 | 3bbe a004 | 0000 750d | 4883 86a8 
  0x0000019ec3e958b4: 0400 0001 | e94a 0000 | 0048 83be | 9004 0000 | 0075 1748 | 89be 9004 | 0000 48c7 | 8698 0400 
  0x0000019ec3e958d4: 0001 0000 | 00e9 2900 | 0000 4883 | bea0 0400 | 0000 7517 | 4889 bea0 | 0400 0048 | c786 a804 
  0x0000019ec3e958f4: 0000 0100 | 0000 e908 | 0000 0048 | 8386 8004 | 0000 0148 | 8bf8 6666 | 9048 b8ff | ffff ffff 
  0x0000019ec3e95914: ;   {virtual_call}
  0x0000019ec3e95914: ffff ffe8 

  0x0000019ec3e95918: ; ImmutableOopMap {}
                      ;*invokevirtual customizerRemoved {reexecute=0 rethrow=0 return_oop=0}
                      ; - org.osgi.util.tracker.AbstractTracked::trackAdding@163 (line 287)
  0x0000019ec3e95918: 6491 0707 

  0x0000019ec3e9591c: ;   {other}
  0x0000019ec3e9591c: 0f1f 8400 | 0c0a 0006 | 4883 c470 

  0x0000019ec3e95928: ;   {poll_return}
  0x0000019ec3e95928: 5d49 3ba7 | 4804 0000 | 0f87 3101 

  0x0000019ec3e95934: ;   {metadata(method data for {method} {0x0000019f1a6c3028} 'trackAdding' '(Ljava/lang/Object;Ljava/lang/Object;)V' in 'org/osgi/util/tracker/AbstractTracked')}
  0x0000019ec3e95934: 0000 c348 | b8c8 12b3 | 1a9f 0100 | 00ff 80b8 | 0200 0048 | 8b44 2448 | e96f 0100 | 0049 8b87 
  0x0000019ec3e95954: f804 0000 | 4d33 d24d | 8997 f804 | 0000 4d33 | d24d 8997 | 0005 0000 | 488b f048 | 8d44 2450 
  0x0000019ec3e95974: 488b 3848 | 85ff 0f84 | 0f00 0000 | 488b 5808 | f048 0fb1 | 3b0f 85ee | 0000 0049 | ff8f 4805 
  0x0000019ec3e95994: 0000 488b | c6e9 2201 | 0000 498b | 87f8 0400 | 004d 33d2 | 4d89 97f8 | 0400 004d | 33d2 4d89 
  0x0000019ec3e959b4: 9700 0500 | 0048 8bf0 | 488d 4424 | 5048 8b38 | 4885 ff0f | 840f 0000 | 0048 8b58 | 08f0 480f 
  0x0000019ec3e959d4: b13b 0f85 | b400 0000 | 49ff 8f48 | 0500 0048 | 8bc6 e9d5 

  0x0000019ec3e959e8: ;   {metadata({method} {0x0000019f1a6c3028} 'trackAdding' '(Ljava/lang/Object;Ljava/lang/Object;)V' in 'org/osgi/util/tracker/AbstractTracked')}
  0x0000019ec3e959e8: 0000 0049 | ba20 306c | 1a9f 0100 | 004c 8954 | 2408 48c7 | 0424 ffff 

  0x0000019ec3e95a00: ;   {runtime_call counter_overflow Runtime1 stub}
  0x0000019ec3e95a00: ffff e879 

  0x0000019ec3e95a04: ; ImmutableOopMap {rdx=Oop r8=Oop r9=Oop [40]=Oop }
                      ;*synchronization entry
                      ; - org.osgi.util.tracker.AbstractTracked::trackAdding@-1 (line 253)
  0x0000019ec3e95a04: f012 07e9 | bbf7 ffff | 4889 5424 | 084c 8904 

  0x0000019ec3e95a14: ;   {runtime_call monitorenter_nofpu Runtime1 stub}
  0x0000019ec3e95a14: 24e8 e6cb 

  0x0000019ec3e95a18: ; ImmutableOopMap {rdx=Oop [40]=Oop [48]=Oop [56]=Oop [64]=Oop [88]=Oop }
                      ;*monitorenter {reexecute=0 rethrow=0 return_oop=0}
                      ; - org.osgi.util.tracker.AbstractTracked::trackAdding@89 (line 263)
  0x0000019ec3e95a18: 1207 e9c7 

  0x0000019ec3e95a1c: ;   {runtime_call throw_null_pointer_exception Runtime1 stub}
  0x0000019ec3e95a1c: f8ff ffe8 

  0x0000019ec3e95a20: ; ImmutableOopMap {rdx=Oop rsi=Oop [40]=Oop [48]=Oop [56]=Oop [64]=Oop [88]=Oop }
                      ;*invokeinterface remove {reexecute=0 rethrow=0 return_oop=0}
                      ; - org.osgi.util.tracker.AbstractTracked::trackAdding@95 (line 264)
  0x0000019ec3e95a20: dc98 1207 

  0x0000019ec3e95a24: ;   {runtime_call throw_null_pointer_exception Runtime1 stub}
  0x0000019ec3e95a24: e8d7 9812 

  0x0000019ec3e95a28: ; ImmutableOopMap {rdx=Oop rax=Oop rsi=Oop [40]=Oop [48]=Oop [56]=Oop [64]=Oop [88]=Oop }
                      ;*invokeinterface put {reexecute=0 rethrow=0 return_oop=0}
                      ; - org.osgi.util.tracker.AbstractTracked::trackAdding@120 (line 270)
  0x0000019ec3e95a28: 0748 8d44 | 2450 4889 

  0x0000019ec3e95a30: ;   {runtime_call monitorexit_nofpu Runtime1 stub}
  0x0000019ec3e95a30: 0424 e8c9 | d112 07e9 | fcfb ffff | 4889 5424 | 084c 8904 

  0x0000019ec3e95a44: ;   {runtime_call monitorenter_nofpu Runtime1 stub}
  0x0000019ec3e95a44: 24e8 b6cb 

  0x0000019ec3e95a48: ; ImmutableOopMap {rdx=Oop [40]=Oop [48]=Oop [72]=Oop [88]=Oop }
                      ;*monitorenter {reexecute=0 rethrow=0 return_oop=0}
                      ; - org.osgi.util.tracker.AbstractTracked::trackAdding@21 (line 263)
  0x0000019ec3e95a48: 1207 e9bc 

  0x0000019ec3e95a4c: ;   {runtime_call throw_null_pointer_exception Runtime1 stub}
  0x0000019ec3e95a4c: fcff ffe8 

  0x0000019ec3e95a50: ; ImmutableOopMap {rdx=Oop rsi=Oop [40]=Oop [48]=Oop [72]=Oop [88]=Oop }
                      ;*invokeinterface remove {reexecute=0 rethrow=0 return_oop=0}
                      ; - org.osgi.util.tracker.AbstractTracked::trackAdding@27 (line 264)
  0x0000019ec3e95a50: ac98 1207 | 488d 4424 | 5048 8904 

  0x0000019ec3e95a5c: ;   {runtime_call monitorexit_nofpu Runtime1 stub}
  0x0000019ec3e95a5c: 24e8 9ed1 | 1207 e9f9 

  0x0000019ec3e95a64: ;   {internal_word}
  0x0000019ec3e95a64: fdff ff49 | ba29 59e9 | c39e 0100 | 004d 8997 | 6004 0000 

  0x0000019ec3e95a78: ;   {runtime_call SafepointBlob}
  0x0000019ec3e95a78: e983 f007 | 0748 8d44 | 2450 4889 

  0x0000019ec3e95a84: ;   {runtime_call monitorexit_nofpu Runtime1 stub}
  0x0000019ec3e95a84: 0424 e875 | d112 07e9 | 06ff ffff | 488d 4424 | 5048 8904 

  0x0000019ec3e95a98: ;   {runtime_call monitorexit_nofpu Runtime1 stub}
  0x0000019ec3e95a98: 24e8 62d1 | 1207 e940 | ffff ff49 | 8b87 f804 | 0000 49c7 | 87f8 0400 | 0000 0000 | 0049 c787 
  0x0000019ec3e95ab8: 0005 0000 | 0000 0000 | 4883 c470 

  0x0000019ec3e95ac4: ;   {runtime_call unwind_exception Runtime1 stub}
  0x0000019ec3e95ac4: 5de9 3683 | 1207 f4f4 | f4f4 f4f4 
[Stub Code]
  0x0000019ec3e95ad0: ;   {no_reloc}
  0x0000019ec3e95ad0: 0f1f 4400 

  0x0000019ec3e95ad4: ;   {static_stub}
  0x0000019ec3e95ad4: 0048 bb00 | 0000 0000 

  0x0000019ec3e95adc: ;   {runtime_call nmethod}
  0x0000019ec3e95adc: 0000 00e9 | fbff ffff 

  0x0000019ec3e95ae4: ;   {static_stub}
  0x0000019ec3e95ae4: 9048 bb00 | 0000 0000 

  0x0000019ec3e95aec: ;   {runtime_call nmethod}
  0x0000019ec3e95aec: 0000 00e9 | fbff ffff 

  0x0000019ec3e95af4: ;   {static_stub}
  0x0000019ec3e95af4: 9048 bb00 | 0000 0000 

  0x0000019ec3e95afc: ;   {runtime_call nmethod}
  0x0000019ec3e95afc: 0000 00e9 | fbff ffff 

  0x0000019ec3e95b04: ;   {static_stub}
  0x0000019ec3e95b04: 9048 bb00 | 0000 0000 

  0x0000019ec3e95b0c: ;   {runtime_call nmethod}
  0x0000019ec3e95b0c: 0000 00e9 | fbff ffff 

  0x0000019ec3e95b14: ;   {static_stub}
  0x0000019ec3e95b14: 9048 bb00 | 0000 0000 

  0x0000019ec3e95b1c: ;   {runtime_call nmethod}
  0x0000019ec3e95b1c: 0000 00e9 | fbff ffff 

  0x0000019ec3e95b24: ;   {static_stub}
  0x0000019ec3e95b24: 9048 bb00 | 0000 0000 

  0x0000019ec3e95b2c: ;   {runtime_call nmethod}
  0x0000019ec3e95b2c: 0000 00e9 | fbff ffff 

  0x0000019ec3e95b34: ;   {static_stub}
  0x0000019ec3e95b34: 48bb 0000 | 0000 0000 

  0x0000019ec3e95b3c: ;   {runtime_call nmethod}
  0x0000019ec3e95b3c: 0000 e9fb 

  0x0000019ec3e95b40: ;   {runtime_call handle_exception_from_callee Runtime1 stub}
  0x0000019ec3e95b40: ffff ffe8 | b8b5 1207 

  0x0000019ec3e95b48: ;   {external_word}
  0x0000019ec3e95b48: 48b9 2053 | a521 fa7f | 0000 4883 

  0x0000019ec3e95b54: ;   {runtime_call}
  0x0000019ec3e95b54: e4f0 48b8 | 90b7 6721 | fa7f 0000 

  0x0000019ec3e95b60: ;   {section_word}
  0x0000019ec3e95b60: ffd0 f449 | ba63 5be9 | c39e 0100 

  0x0000019ec3e95b6c: ;   {runtime_call DeoptimizationBlob}
  0x0000019ec3e95b6c: 0041 52e9 | 2ce2 0707 | f4f4 f4f4 
[/MachCode]


Compiled method (c1) 2766 1144       3       java.security.AccessController::executePrivileged (65 bytes)
 total in heap  [0x0000019ec3b55f10,0x0000019ec3b56500] = 1520
 relocation     [0x0000019ec3b56070,0x0000019ec3b560d8] = 104
 main code      [0x0000019ec3b560e0,0x0000019ec3b56388] = 680
 stub code      [0x0000019ec3b56388,0x0000019ec3b563e0] = 88
 metadata       [0x0000019ec3b563e0,0x0000019ec3b563f0] = 16
 scopes data    [0x0000019ec3b563f0,0x0000019ec3b56468] = 120
 scopes pcs     [0x0000019ec3b56468,0x0000019ec3b564e8] = 128
 dependencies   [0x0000019ec3b564e8,0x0000019ec3b564f0] = 8
 nul chk table  [0x0000019ec3b564f0,0x0000019ec3b56500] = 16

[Constant Pool (empty)]

[MachCode]
[Verified Entry Point]
  # {method} {0x0000019ed84724f0} 'executePrivileged' '(Ljava/security/PrivilegedExceptionAction;Ljava/security/AccessControlContext;Ljava/lang/Class;)Ljava/lang/Object;' in 'java/security/AccessController'
  # parm0:    rdx:rdx   = 'java/security/PrivilegedExceptionAction'
  # parm1:    r8:r8     = 'java/security/AccessControlContext'
  # parm2:    r9:r9     = 'java/lang/Class'
  #           [sp+0x50]  (sp of caller)
  0x0000019ec3b560e0: 8984 2400 | 80ff ff55 | 4883 ec40 | 4181 7f20 | 0100 0000 

  0x0000019ec3b560f4: ;   {runtime_call StubRoutines (final stubs)}
  0x0000019ec3b560f4: 7405 e8e5 | 283a 074c | 8944 2430 

  0x0000019ec3b56100: ;   {metadata(method data for {method} {0x0000019ed84724f0} 'executePrivileged' '(Ljava/security/PrivilegedExceptionAction;Ljava/security/AccessControlContext;Ljava/lang/Class;)Ljava/lang/Object;' in 'java/security/AccessController')}
  0x0000019ec3b56100: 48be 103d | 311a 9f01 | 0000 8bbe | cc00 0000 | 83c7 0289 | becc 0000 | 0081 e7fe | 0700 0085 
  0x0000019ec3b56120: ff0f 84bf | 0100 004d 

  0x0000019ec3b56128: ;   {metadata(method data for {method} {0x0000019ed84724f0} 'executePrivileged' '(Ljava/security/PrivilegedExceptionAction;Ljava/security/AccessControlContext;Ljava/lang/Class;)Ljava/lang/Object;' in 'java/security/AccessController')}
  0x0000019ec3b56128: 85c0 48be | 103d 311a | 9f01 0000 | 48c7 c710 | 0100 0074 | 0748 c7c7 | 2001 0000 | 488b 1c3e 
  0x0000019ec3b56148: 488d 5b01 | 4889 1c3e | 4c89 4c24 | 2848 8954 | 2420 0f84 | 2400 0000 

  0x0000019ec3b56160: ;   {metadata(method data for {method} {0x0000019ed84724f0} 'executePrivileged' '(Ljava/security/PrivilegedExceptionAction;Ljava/security/AccessControlContext;Ljava/lang/Class;)Ljava/lang/Object;' in 'java/security/AccessController')}
  0x0000019ec3b56160: 48be 103d | 311a 9f01 | 0000 4883 | 8630 0100 | 0001 498b 

  0x0000019ec3b56174: ;   {static_call}
  0x0000019ec3b56174: d066 90e8 

  0x0000019ec3b56178: ; ImmutableOopMap {[32]=Oop [40]=Oop [48]=Oop }
                      ;*invokestatic ensureMaterializedForStackWalk {reexecute=0 rethrow=0 return_oop=0}
                      ; - java.security.AccessController::executePrivileged@5
  0x0000019ec3b56178: e4f8 9707 

  0x0000019ec3b5617c: ;   {other}
  0x0000019ec3b5617c: 0f1f 8400 | 6c02 0000 

  0x0000019ec3b56184: ;   {metadata(method data for {method} {0x0000019ed84724f0} 'executePrivileged' '(Ljava/security/PrivilegedExceptionAction;Ljava/security/AccessControlContext;Ljava/lang/Class;)Ljava/lang/Object;' in 'java/security/AccessController')}
  0x0000019ec3b56184: 48ba 103d | 311a 9f01 | 0000 ff82 | 4001 0000 | 488b 5424 | 2048 3b02 

  0x0000019ec3b5619c: ;   {metadata(method data for {method} {0x0000019ed84724f0} 'executePrivileged' '(Ljava/security/PrivilegedExceptionAction;Ljava/security/AccessControlContext;Ljava/lang/Class;)Ljava/lang/Object;' in 'java/security/AccessController')}
  0x0000019ec3b5619c: 488b f248 | bf10 3d31 | 1a9f 0100 | 008b 7608 | 49ba 0000 | 00d8 9e01 | 0000 4903 | f248 3bb7 
  0x0000019ec3b561bc: b001 0000 | 750d 4883 | 87b8 0100 | 0001 e960 | 0000 0048 | 3bb7 c001 | 0000 750d | 4883 87c8 
  0x0000019ec3b561dc: 0100 0001 | e94a 0000 | 0048 83bf | b001 0000 | 0075 1748 | 89b7 b001 | 0000 48c7 | 87b8 0100 
  0x0000019ec3b561fc: 0001 0000 | 00e9 2900 | 0000 4883 | bfc0 0100 | 0000 7517 | 4889 b7c0 | 0100 0048 | c787 c801 
  0x0000019ec3b5621c: 0000 0100 | 0000 e908 | 0000 0048 | 8387 a001 | 0000 0166 | 0f1f 4400 | 0048 b840 | 1f2a 1e9f 
  0x0000019ec3b5623c: ;   {virtual_call}
  0x0000019ec3b5623c: 0100 00e8 

  0x0000019ec3b56240: ; ImmutableOopMap {[40]=Oop [48]=Oop }
                      ;*invokeinterface run {reexecute=0 rethrow=0 return_oop=0}
                      ; - java.security.AccessController::executePrivileged@29
  0x0000019ec3b56240: 1c0a 4707 

  0x0000019ec3b56244: ;   {other}
  0x0000019ec3b56244: 0f1f 8400 | 3403 0001 

  0x0000019ec3b5624c: ;   {metadata(method data for {method} {0x0000019ed84724f0} 'executePrivileged' '(Ljava/security/PrivilegedExceptionAction;Ljava/security/AccessControlContext;Ljava/lang/Class;)Ljava/lang/Object;' in 'java/security/AccessController')}
  0x0000019ec3b5624c: 48be 103d | 311a 9f01 | 0000 ff86 | d801 0000 | 4c8b 4c24 

  0x0000019ec3b56260: ;   {metadata(method data for {method} {0x0000019ed84724f0} 'executePrivileged' '(Ljava/security/PrivilegedExceptionAction;Ljava/security/AccessControlContext;Ljava/lang/Class;)Ljava/lang/Object;' in 'java/security/AccessController')}
  0x0000019ec3b56260: 2848 be10 | 3d31 1a9f | 0100 0048 | 8386 3802 

  0x0000019ec3b56270: ;   {metadata(method data for {method} {0x0000019ed803d898} 'reachabilityFence' '(Ljava/lang/Object;)V' in 'java/lang/ref/Reference')}
  0x0000019ec3b56270: 0000 0148 | be68 de05 | 1a9f 0100 | 008b becc | 0000 0083 | c702 89be | cc00 0000 | 81e7 feff 
  0x0000019ec3b56290: 1f00 85ff | 0f84 7200 

  0x0000019ec3b56298: ;   {metadata(method data for {method} {0x0000019ed84724f0} 'executePrivileged' '(Ljava/security/PrivilegedExceptionAction;Ljava/security/AccessControlContext;Ljava/lang/Class;)Ljava/lang/Object;' in 'java/security/AccessController')}
  0x0000019ec3b56298: 0000 48be | 103d 311a | 9f01 0000 | 4883 8648 | 0200 0001 

  0x0000019ec3b562ac: ;   {metadata(method data for {method} {0x0000019ed803d898} 'reachabilityFence' '(Ljava/lang/Object;)V' in 'java/lang/ref/Reference')}
  0x0000019ec3b562ac: 48be 68de | 051a 9f01 | 0000 8bbe | cc00 0000 | 83c7 0289 | becc 0000 | 0081 e7fe | ff1f 0085 
  0x0000019ec3b562cc: ff0f 845a | 0000 0048 | 83c4 405d 

  0x0000019ec3b562d8: ;   {poll_return}
  0x0000019ec3b562d8: 493b a748 | 0400 000f | 8766 0000 

  0x0000019ec3b562e4: ;   {metadata({method} {0x0000019ed84724f0} 'executePrivileged' '(Ljava/security/PrivilegedExceptionAction;Ljava/security/AccessControlContext;Ljava/lang/Class;)Ljava/lang/Object;' in 'java/security/AccessController')}
  0x0000019ec3b562e4: 00c3 49ba | e824 47d8 | 9e01 0000 | 4c89 5424 | 0848 c704 | 24ff ffff 

  0x0000019ec3b562fc: ;   {runtime_call counter_overflow Runtime1 stub}
  0x0000019ec3b562fc: ffe8 7ee7 

  0x0000019ec3b56300: ; ImmutableOopMap {rdx=Oop r8=Oop r9=Oop [48]=Oop }
                      ;*synchronization entry
                      ; - java.security.AccessController::executePrivileged@-1
  0x0000019ec3b56300: 4607 e920 

  0x0000019ec3b56304: ;   {runtime_call throw_null_pointer_exception Runtime1 stub}
  0x0000019ec3b56304: feff ffe8 

  0x0000019ec3b56308: ; ImmutableOopMap {rdx=Oop [40]=Oop [48]=Oop }
                      ;*invokeinterface run {reexecute=0 rethrow=0 return_oop=0}
                      ; - java.security.AccessController::executePrivileged@29
  0x0000019ec3b56308: f48f 4607 

  0x0000019ec3b5630c: ;   {metadata({method} {0x0000019ed803d898} 'reachabilityFence' '(Ljava/lang/Object;)V' in 'java/lang/ref/Reference')}
  0x0000019ec3b5630c: 49ba 90d8 | 03d8 9e01 | 0000 4c89 | 5424 0848 | c704 24ff 

  0x0000019ec3b56320: ;   {runtime_call counter_overflow Runtime1 stub}
  0x0000019ec3b56320: ffff ffe8 

  0x0000019ec3b56324: ; ImmutableOopMap {rax=Oop r9=Oop }
                      ;*synchronization entry
                      ; - java.lang.ref.Reference::reachabilityFence@-1
                      ; - java.security.AccessController::executePrivileged@56
  0x0000019ec3b56324: 58e7 4607 | e96d ffff 

  0x0000019ec3b5632c: ;   {metadata({method} {0x0000019ed803d898} 'reachabilityFence' '(Ljava/lang/Object;)V' in 'java/lang/ref/Reference')}
  0x0000019ec3b5632c: ff49 ba90 | d803 d89e | 0100 004c | 8954 2408 | 48c7 0424 | ffff ffff 

  0x0000019ec3b56344: ;   {runtime_call counter_overflow Runtime1 stub}
  0x0000019ec3b56344: e837 e746 

  0x0000019ec3b56348: ; ImmutableOopMap {rax=Oop }
                      ;*synchronization entry
                      ; - java.lang.ref.Reference::reachabilityFence@-1
                      ; - java.security.AccessController::executePrivileged@60
                      ;   {internal_word}
  0x0000019ec3b56348: 07eb 8849 | bad8 62b5 | c39e 0100 | 004d 8997 | 6004 0000 

  0x0000019ec3b5635c: ;   {runtime_call SafepointBlob}
  0x0000019ec3b5635c: e99f e73b | 0749 8b87 | f804 0000 | 49c7 87f8 | 0400 0000 | 0000 0049 | c787 0005 | 0000 0000 
  0x0000019ec3b5637c: 0000 4883 

  0x0000019ec3b56380: ;   {runtime_call unwind_exception Runtime1 stub}
  0x0000019ec3b56380: c440 5de9 | 787a 4607 
[Stub Code]
  0x0000019ec3b56388: ;   {no_reloc}
  0x0000019ec3b56388: 0f1f 4400 

  0x0000019ec3b5638c: ;   {static_stub}
  0x0000019ec3b5638c: 0048 bb00 | 0000 0000 

  0x0000019ec3b56394: ;   {runtime_call nmethod}
  0x0000019ec3b56394: 0000 00e9 | fbff ffff 

  0x0000019ec3b5639c: ;   {static_stub}
  0x0000019ec3b5639c: 48bb 6823 | 47d8 9e01 

  0x0000019ec3b563a4: ;   {runtime_call I2C/C2I adapters}
  0x0000019ec3b563a4: 0000 e938 

  0x0000019ec3b563a8: ;   {runtime_call handle_exception_from_callee Runtime1 stub}
  0x0000019ec3b563a8: 783b 07e8 | 50ad 4607 

  0x0000019ec3b563b0: ;   {external_word}
  0x0000019ec3b563b0: 48b9 2053 | a521 fa7f | 0000 4883 

  0x0000019ec3b563bc: ;   {runtime_call}
  0x0000019ec3b563bc: e4f0 48b8 | 90b7 6721 | fa7f 0000 

  0x0000019ec3b563c8: ;   {section_word}
  0x0000019ec3b563c8: ffd0 f449 | bacb 63b5 | c39e 0100 

  0x0000019ec3b563d4: ;   {runtime_call DeoptimizationBlob}
  0x0000019ec3b563d4: 0041 52e9 | c4d9 3b07 | f4f4 f4f4 
[/MachCode]


---------------  P R O C E S S  ---------------

Threads class SMR info:
_java_thread_list=0x0000019f1ed06ed0, length=20, elements={
0x0000019ebe450c80, 0x0000019ed723d880, 0x0000019ed723e4d0, 0x0000019ec083cef0,
0x0000019ec083d940, 0x0000019ec083f810, 0x0000019ec08408b0, 0x0000019ec0844800,
0x0000019f19bb94a0, 0x0000019f19d600b0, 0x0000019f19ef4a20, 0x0000019f19f01500,
0x0000019f1e044f00, 0x0000019f1ea0b4d0, 0x0000019f1e924530, 0x0000019f1e90b340,
0x0000019f1e90b9a0, 0x0000019f1e938680, 0x0000019f1e93ade0, 0x0000019f1e93b470
}

Java Threads: ( => current thread )
  0x0000019ebe450c80 JavaThread "main"                              [_thread_blocked, id=22088, stack(0x0000000a45100000,0x0000000a45200000) (1024K)]
  0x0000019ed723d880 JavaThread "Reference Handler"          daemon [_thread_blocked, id=20484, stack(0x0000000a45500000,0x0000000a45600000) (1024K)]
  0x0000019ed723e4d0 JavaThread "Finalizer"                  daemon [_thread_blocked, id=21444, stack(0x0000000a45600000,0x0000000a45700000) (1024K)]
  0x0000019ec083cef0 JavaThread "Signal Dispatcher"          daemon [_thread_blocked, id=19024, stack(0x0000000a45700000,0x0000000a45800000) (1024K)]
  0x0000019ec083d940 JavaThread "Attach Listener"            daemon [_thread_blocked, id=17128, stack(0x0000000a45800000,0x0000000a45900000) (1024K)]
  0x0000019ec083f810 JavaThread "Service Thread"             daemon [_thread_blocked, id=20948, stack(0x0000000a45900000,0x0000000a45a00000) (1024K)]
  0x0000019ec08408b0 JavaThread "Monitor Deflation Thread"   daemon [_thread_blocked, id=12388, stack(0x0000000a45a00000,0x0000000a45b00000) (1024K)]
  0x0000019ec0844800 JavaThread "C2 CompilerThread0"         daemon [_thread_blocked, id=17756, stack(0x0000000a45b00000,0x0000000a45c00000) (1024K)]
  0x0000019f19bb94a0 JavaThread "C1 CompilerThread0"         daemon [_thread_blocked, id=21940, stack(0x0000000a45c00000,0x0000000a45d00000) (1024K)]
  0x0000019f19d600b0 JavaThread "Common-Cleaner"             daemon [_thread_blocked, id=20940, stack(0x0000000a45d00000,0x0000000a45e00000) (1024K)]
  0x0000019f19ef4a20 JavaThread "C2 CompilerThread1"         daemon [_thread_blocked, id=12700, stack(0x0000000a45e00000,0x0000000a45f00000) (1024K)]
  0x0000019f19f01500 JavaThread "Notification Thread"        daemon [_thread_blocked, id=21112, stack(0x0000000a45f00000,0x0000000a46000000) (1024K)]
  0x0000019f1e044f00 JavaThread "C2 CompilerThread2"         daemon [_thread_blocked, id=19072, stack(0x0000000a46000000,0x0000000a46100000) (1024K)]
  0x0000019f1ea0b4d0 JavaThread "Active Thread: Equinox Container: acb93c4e-2972-49ba-be97-0404c25aaadd"        [_thread_blocked, id=19840, stack(0x0000000a46700000,0x0000000a46800000) (1024K)]
  0x0000019f1e924530 JavaThread "Refresh Thread: Equinox Container: acb93c4e-2972-49ba-be97-0404c25aaadd" daemon [_thread_blocked, id=21860, stack(0x0000000a46800000,0x0000000a46900000) (1024K)]
  0x0000019f1e90b340 JavaThread "Framework Event Dispatcher: Equinox Container: acb93c4e-2972-49ba-be97-0404c25aaadd" daemon [_thread_blocked, id=20492, stack(0x0000000a46a00000,0x0000000a46b00000) (1024K)]
=>0x0000019f1e90b9a0 JavaThread "Start Level: Equinox Container: acb93c4e-2972-49ba-be97-0404c25aaadd" daemon [_thread_in_vm, id=21972, stack(0x0000000a46b00000,0x0000000a46c00000) (1024K)]
  0x0000019f1e938680 JavaThread "Bundle File Closer"         daemon [_thread_blocked, id=21980, stack(0x0000000a46c00000,0x0000000a46d00000) (1024K)]
  0x0000019f1e93ade0 JavaThread "SCR Component Actor"        daemon [_thread_blocked, id=21204, stack(0x0000000a46d00000,0x0000000a46e00000) (1024K)]
  0x0000019f1e93b470 JavaThread "Worker-JM"                         [_thread_blocked, id=14612, stack(0x0000000a46e00000,0x0000000a46f00000) (1024K)]
Total: 20

Other Threads:
  0x0000019ed72247e0 VMThread "VM Thread"                           [id=21856, stack(0x0000000a45400000,0x0000000a45500000) (1024K)]
  0x0000019ec08200c0 WatcherThread "VM Periodic Task Thread"        [id=22244, stack(0x0000000a45300000,0x0000000a45400000) (1024K)]
  0x0000019ec07d0f00 WorkerThread "GC Thread#0"                     [id=22108, stack(0x0000000a45200000,0x0000000a45300000) (1024K)]
  0x0000019f1e61ec20 WorkerThread "GC Thread#1"                     [id=7844, stack(0x0000000a46100000,0x0000000a46200000) (1024K)]
  0x0000019f1e484a10 WorkerThread "GC Thread#2"                     [id=21184, stack(0x0000000a46200000,0x0000000a46300000) (1024K)]
  0x0000019f1e618130 WorkerThread "GC Thread#3"                     [id=21024, stack(0x0000000a46300000,0x0000000a46400000) (1024K)]
  0x0000019f1e395d20 WorkerThread "GC Thread#4"                     [id=20976, stack(0x0000000a46400000,0x0000000a46500000) (1024K)]
  0x0000019f19f79ee0 WorkerThread "GC Thread#5"                     [id=19332, stack(0x0000000a46500000,0x0000000a46600000) (1024K)]
  0x0000019f1e85c600 WorkerThread "GC Thread#6"                     [id=20972, stack(0x0000000a46600000,0x0000000a46700000) (1024K)]
  0x0000019f1e85c9a0 WorkerThread "GC Thread#7"                     [id=17504, stack(0x0000000a46900000,0x0000000a46a00000) (1024K)]
Total: 10

Threads with active compile tasks:
Total: 0

VM state: not at safepoint (normal execution)

VM Mutex/Monitor currently owned by a thread:  ([mutex/lock_event])
[0x00007ffa21d0b4f0] Metaspace_lock - owner thread: 0x0000019f1e90b9a0

Heap address: 0x0000000080000000, size: 2048 MB, Compressed Oops mode: 32-bit

CDS archive(s) mapped at: [0x0000019ed8000000-0x0000019ed8ba0000-0x0000019ed8ba0000), size 12189696, SharedBaseAddress: 0x0000019ed8000000, ArchiveRelocationMode: 1.
Compressed class space mapped at: 0x0000019ed9000000-0x0000019f19000000, reserved size: 1073741824
Narrow klass base: 0x0000019ed8000000, Narrow klass shift: 0, Narrow klass range: 0x100000000

GC Precious Log:
 CardTable entry size: 512
 CPUs: 8 total, 8 available
 Memory: 7916M
 Large Page Support: Disabled
 NUMA Support: Disabled
 Compressed Oops: Enabled (32-bit)
 Alignments: Space 512K, Generation 512K, Heap 2M
 Heap Min Capacity: 100M
 Heap Initial Capacity: 100M
 Heap Max Capacity: 2G
 Pre-touch: Disabled
 Parallel Workers: 8

Heap:
 PSYoungGen      total 29696K, used 22291K [0x00000000d5580000, 0x00000000d7680000, 0x0000000100000000)
  eden space 25600K, 71% used [0x00000000d5580000,0x00000000d6748ce0,0x00000000d6e80000)
  from space 4096K, 99% used [0x00000000d7280000,0x00000000d767c058,0x00000000d7680000)
  to   space 4096K, 0% used [0x00000000d6e80000,0x00000000d6e80000,0x00000000d7280000)
 ParOldGen       total 68608K, used 6256K [0x0000000080000000, 0x0000000084300000, 0x00000000d5580000)
  object space 68608K, 9% used [0x0000000080000000,0x000000008061c0e0,0x0000000084300000)
 Metaspace       used 14878K, committed 15424K, reserved 1114112K
  class space    used 1558K, committed 1792K, reserved 1048576K

Card table byte_map: [0x0000019ec0130000,0x0000019ec0540000] _byte_map_base: 0x0000019ebfd30000

Marking Bits: (ParMarkBitMap*) 0x00007ffa21d12460
 Begin Bits: [0x0000019ed2c40000, 0x0000019ed4c40000)
 End Bits:   [0x0000019ed4c40000, 0x0000019ed6c40000)

Polling page: 0x0000019ebff10000

Metaspace:

Usage:
  Non-class:     13.01 MB used.
      Class:      1.52 MB used.
       Both:     14.53 MB used.

Virtual space:
  Non-class space:       64.00 MB reserved,      13.31 MB ( 21%) committed,  1 nodes.
      Class space:        1.00 GB reserved,       1.75 MB ( <1%) committed,  1 nodes.
             Both:        1.06 GB reserved,      15.06 MB (  1%) committed. 

Chunk freelists:
   Non-Class:  2.55 MB
       Class:  14.27 MB
        Both:  16.81 MB

MaxMetaspaceSize: unlimited
CompressedClassSpaceSize: 1.00 GB
Initial GC threshold: 21.00 MB
Current GC threshold: 21.00 MB
CDS: on
 - commit_granule_bytes: 65536.
 - commit_granule_words: 8192.
 - virtual_space_node_default_size: 8388608.
 - enlarge_chunks_in_place: 1.
 - use_allocation_guard: 0.


Internal statistics:

num_allocs_failed_limit: 0.
num_arena_births: 416.
num_arena_deaths: 0.
num_vsnodes_births: 2.
num_vsnodes_deaths: 0.
num_space_committed: 241.
num_space_uncommitted: 0.
num_chunks_returned_to_freelist: 0.
num_chunks_taken_from_freelist: 925.
num_chunk_merges: 0.
num_chunk_splits: 584.
num_chunks_enlarged: 390.
num_inconsistent_stats: 0.

CodeHeap 'non-profiled nmethods': size=120000Kb used=1319Kb max_used=1319Kb free=118680Kb
 bounds [0x0000019ecb460000, 0x0000019ecb6d0000, 0x0000019ed2990000]
CodeHeap 'profiled nmethods': size=120000Kb used=5695Kb max_used=5695Kb free=114304Kb
 bounds [0x0000019ec3990000, 0x0000019ec3f20000, 0x0000019ecaec0000]
CodeHeap 'non-nmethods': size=5760Kb used=1257Kb max_used=1277Kb free=4503Kb
 bounds [0x0000019ecaec0000, 0x0000019ecb130000, 0x0000019ecb460000]
CodeCache: size=245760Kb, used=8271Kb, max_used=8291Kb, free=237487Kb
 total_blobs=3410, nmethods=2882, adapters=434, full_count=0
Compilation: enabled, stopped_count=0, restarted_count=0

Compilation events (20 events):
Event: 2.697 Thread 0x0000019f19bb94a0 nmethod 2875 0x0000019ec3f12290 code [0x0000019ec3f12740, 0x0000019ec3f148e0]
Event: 2.697 Thread 0x0000019f19bb94a0 2876       3       jdk.internal.reflect.Reflection::verifyModuleAccess (24 bytes)
Event: 2.697 Thread 0x0000019f19bb94a0 nmethod 2876 0x0000019ec3f15310 code [0x0000019ec3f15520, 0x0000019ec3f15a48]
Event: 2.697 Thread 0x0000019f19bb94a0 2877       3       jdk.internal.misc.VM::isJavaLangInvokeInited (4 bytes)
Event: 2.697 Thread 0x0000019f19bb94a0 nmethod 2877 0x0000019ec3f15c90 code [0x0000019ec3f15e20, 0x0000019ec3f15f10]
Event: 2.697 Thread 0x0000019f19bb94a0 2878       3       jdk.internal.reflect.ReflectionFactory::config (28 bytes)
Event: 2.697 Thread 0x0000019f19bb94a0 nmethod 2878 0x0000019ec3f15f90 code [0x0000019ec3f16120, 0x0000019ec3f16228]
Event: 2.697 Thread 0x0000019f19bb94a0 2880       3       java.util.Arrays::copyOfRange (11 bytes)
Event: 2.697 Thread 0x0000019f19bb94a0 nmethod 2880 0x0000019ec3f16290 code [0x0000019ec3f16440, 0x0000019ec3f16590]
Event: 2.697 Thread 0x0000019f19bb94a0 2873       3       java.nio.ByteBuffer::limit (8 bytes)
Event: 2.697 Thread 0x0000019f19bb94a0 nmethod 2873 0x0000019ec3f16690 code [0x0000019ec3f16840, 0x0000019ec3f16990]
Event: 2.698 Thread 0x0000019f19bb94a0 2881   !   3       org.eclipse.osgi.container.Module::start (662 bytes)
Event: 2.700 Thread 0x0000019f1e044f00 2882       4       java.lang.ref.Reference::<init> (25 bytes)
Event: 2.702 Thread 0x0000019f1e044f00 nmethod 2882 0x0000019ecb5a7790 code [0x0000019ecb5a7920, 0x0000019ecb5a79e8]
Event: 2.703 Thread 0x0000019f1e044f00 2883       4       lombok.patcher.PatchScript::classMatches (41 bytes)
Event: 2.703 Thread 0x0000019f19bb94a0 nmethod 2881 0x0000019ec3f16a10 code [0x0000019ec3f174c0, 0x0000019ec3f1c970]
Event: 2.707 Thread 0x0000019f19bb94a0 2884       3       java.util.ArrayDeque::addFirst (51 bytes)
Event: 2.707 Thread 0x0000019f19bb94a0 nmethod 2884 0x0000019ec3f1f390 code [0x0000019ec3f1f580, 0x0000019ec3f1f9f0]
Event: 2.707 Thread 0x0000019f19bb94a0 2885       3       java.util.ArrayDeque::dec (13 bytes)
Event: 2.708 Thread 0x0000019f19bb94a0 nmethod 2885 0x0000019ec3f1fb90 code [0x0000019ec3f1fd20, 0x0000019ec3f1fe48]

GC Heap History (8 events):
Event: 0.750 GC heap before
{Heap before GC invocations=1 (full 0):
 PSYoungGen      total 29696K, used 25600K [0x00000000d5580000, 0x00000000d7680000, 0x0000000100000000)
  eden space 25600K, 100% used [0x00000000d5580000,0x00000000d6e80000,0x00000000d6e80000)
  from space 4096K, 0% used [0x00000000d7280000,0x00000000d7280000,0x00000000d7680000)
  to   space 4096K, 0% used [0x00000000d6e80000,0x00000000d6e80000,0x00000000d7280000)
 ParOldGen       total 68608K, used 0K [0x0000000080000000, 0x0000000084300000, 0x00000000d5580000)
  object space 68608K, 0% used [0x0000000080000000,0x0000000080000000,0x0000000084300000)
 Metaspace       used 4329K, committed 4544K, reserved 1114112K
  class space    used 472K, committed 576K, reserved 1048576K
}
Event: 0.757 GC heap after
{Heap after GC invocations=1 (full 0):
 PSYoungGen      total 29696K, used 3303K [0x00000000d5580000, 0x00000000d7680000, 0x0000000100000000)
  eden space 25600K, 0% used [0x00000000d5580000,0x00000000d5580000,0x00000000d6e80000)
  from space 4096K, 80% used [0x00000000d6e80000,0x00000000d71b9e98,0x00000000d7280000)
  to   space 4096K, 0% used [0x00000000d7280000,0x00000000d7280000,0x00000000d7680000)
 ParOldGen       total 68608K, used 16K [0x0000000080000000, 0x0000000084300000, 0x00000000d5580000)
  object space 68608K, 0% used [0x0000000080000000,0x0000000080004000,0x0000000084300000)
 Metaspace       used 4329K, committed 4544K, reserved 1114112K
  class space    used 472K, committed 576K, reserved 1048576K
}
Event: 1.525 GC heap before
{Heap before GC invocations=2 (full 0):
 PSYoungGen      total 29696K, used 28903K [0x00000000d5580000, 0x00000000d7680000, 0x0000000100000000)
  eden space 25600K, 100% used [0x00000000d5580000,0x00000000d6e80000,0x00000000d6e80000)
  from space 4096K, 80% used [0x00000000d6e80000,0x00000000d71b9e98,0x00000000d7280000)
  to   space 4096K, 0% used [0x00000000d7280000,0x00000000d7280000,0x00000000d7680000)
 ParOldGen       total 68608K, used 16K [0x0000000080000000, 0x0000000084300000, 0x00000000d5580000)
  object space 68608K, 0% used [0x0000000080000000,0x0000000080004000,0x0000000084300000)
 Metaspace       used 8070K, committed 8320K, reserved 1114112K
  class space    used 846K, committed 960K, reserved 1048576K
}
Event: 1.530 GC heap after
{Heap after GC invocations=2 (full 0):
 PSYoungGen      total 29696K, used 4087K [0x00000000d5580000, 0x00000000d7680000, 0x0000000100000000)
  eden space 25600K, 0% used [0x00000000d5580000,0x00000000d5580000,0x00000000d6e80000)
  from space 4096K, 99% used [0x00000000d7280000,0x00000000d767de88,0x00000000d7680000)
  to   space 4096K, 0% used [0x00000000d6e80000,0x00000000d6e80000,0x00000000d7280000)
 ParOldGen       total 68608K, used 1744K [0x0000000080000000, 0x0000000084300000, 0x00000000d5580000)
  object space 68608K, 2% used [0x0000000080000000,0x00000000801b4030,0x0000000084300000)
 Metaspace       used 8070K, committed 8320K, reserved 1114112K
  class space    used 846K, committed 960K, reserved 1048576K
}
Event: 1.906 GC heap before
{Heap before GC invocations=3 (full 0):
 PSYoungGen      total 29696K, used 29687K [0x00000000d5580000, 0x00000000d7680000, 0x0000000100000000)
  eden space 25600K, 100% used [0x00000000d5580000,0x00000000d6e80000,0x00000000d6e80000)
  from space 4096K, 99% used [0x00000000d7280000,0x00000000d767de88,0x00000000d7680000)
  to   space 4096K, 0% used [0x00000000d6e80000,0x00000000d6e80000,0x00000000d7280000)
 ParOldGen       total 68608K, used 1744K [0x0000000080000000, 0x0000000084300000, 0x00000000d5580000)
  object space 68608K, 2% used [0x0000000080000000,0x00000000801b4030,0x0000000084300000)
 Metaspace       used 9373K, committed 9728K, reserved 1114112K
  class space    used 1005K, committed 1152K, reserved 1048576K
}
Event: 1.913 GC heap after
{Heap after GC invocations=3 (full 0):
 PSYoungGen      total 29696K, used 4095K [0x00000000d5580000, 0x00000000d7680000, 0x0000000100000000)
  eden space 25600K, 0% used [0x00000000d5580000,0x00000000d5580000,0x00000000d6e80000)
  from space 4096K, 99% used [0x00000000d6e80000,0x00000000d727ff70,0x00000000d7280000)
  to   space 4096K, 0% used [0x00000000d7280000,0x00000000d7280000,0x00000000d7680000)
 ParOldGen       total 68608K, used 5175K [0x0000000080000000, 0x0000000084300000, 0x00000000d5580000)
  object space 68608K, 7% used [0x0000000080000000,0x000000008050df70,0x0000000084300000)
 Metaspace       used 9373K, committed 9728K, reserved 1114112K
  class space    used 1005K, committed 1152K, reserved 1048576K
}
Event: 2.428 GC heap before
{Heap before GC invocations=4 (full 0):
 PSYoungGen      total 29696K, used 29695K [0x00000000d5580000, 0x00000000d7680000, 0x0000000100000000)
  eden space 25600K, 100% used [0x00000000d5580000,0x00000000d6e80000,0x00000000d6e80000)
  from space 4096K, 99% used [0x00000000d6e80000,0x00000000d727ff70,0x00000000d7280000)
  to   space 4096K, 0% used [0x00000000d7280000,0x00000000d7280000,0x00000000d7680000)
 ParOldGen       total 68608K, used 5175K [0x0000000080000000, 0x0000000084300000, 0x00000000d5580000)
  object space 68608K, 7% used [0x0000000080000000,0x000000008050df70,0x0000000084300000)
 Metaspace       used 12204K, committed 12544K, reserved 1114112K
  class space    used 1310K, committed 1472K, reserved 1048576K
}
Event: 2.432 GC heap after
{Heap after GC invocations=4 (full 0):
 PSYoungGen      total 29696K, used 4080K [0x00000000d5580000, 0x00000000d7680000, 0x0000000100000000)
  eden space 25600K, 0% used [0x00000000d5580000,0x00000000d5580000,0x00000000d6e80000)
  from space 4096K, 99% used [0x00000000d7280000,0x00000000d767c058,0x00000000d7680000)
  to   space 4096K, 0% used [0x00000000d6e80000,0x00000000d6e80000,0x00000000d7280000)
 ParOldGen       total 68608K, used 6256K [0x0000000080000000, 0x0000000084300000, 0x00000000d5580000)
  object space 68608K, 9% used [0x0000000080000000,0x000000008061c0e0,0x0000000084300000)
 Metaspace       used 12204K, committed 12544K, reserved 1114112K
  class space    used 1310K, committed 1472K, reserved 1048576K
}

Dll operation events (9 events):
Event: 0.018 Loaded shared library c:\Users\vidhu\.vscode\extensions\redhat.java-1.50.0-win32-x64\jre\21.0.9-win32-x86_64\bin\java.dll
Event: 0.106 Loaded shared library c:\Users\vidhu\.vscode\extensions\redhat.java-1.50.0-win32-x64\jre\21.0.9-win32-x86_64\bin\zip.dll
Event: 0.122 Loaded shared library C:\Users\vidhu\.vscode\extensions\redhat.java-1.50.0-win32-x64\jre\21.0.9-win32-x86_64\bin\instrument.dll
Event: 0.126 Loaded shared library C:\Users\vidhu\.vscode\extensions\redhat.java-1.50.0-win32-x64\jre\21.0.9-win32-x86_64\bin\net.dll
Event: 0.128 Loaded shared library C:\Users\vidhu\.vscode\extensions\redhat.java-1.50.0-win32-x64\jre\21.0.9-win32-x86_64\bin\nio.dll
Event: 0.130 Loaded shared library C:\Users\vidhu\.vscode\extensions\redhat.java-1.50.0-win32-x64\jre\21.0.9-win32-x86_64\bin\zip.dll
Event: 0.142 Loaded shared library C:\Users\vidhu\.vscode\extensions\redhat.java-1.50.0-win32-x64\jre\21.0.9-win32-x86_64\bin\jimage.dll
Event: 0.194 Loaded shared library c:\Users\vidhu\.vscode\extensions\redhat.java-1.50.0-win32-x64\jre\21.0.9-win32-x86_64\bin\verify.dll
Event: 1.521 Loaded shared library C:\Users\vidhu\AppData\Roaming\Code\User\globalStorage\redhat.java\1.50.0\config_win\org.eclipse.equinox.launcher\org.eclipse.equinox.launcher.win32.win32.x86_64_1.2.1400.v20250801-0854\eclipse_11916.dll

Deoptimization events (20 events):
Event: 2.443 Thread 0x0000019f1e90b9a0 DEOPT PACKING pc=0x0000019ecb588674 sp=0x0000000a46bfba80
Event: 2.443 Thread 0x0000019f1e90b9a0 DEOPT UNPACKING pc=0x0000019ecaf13aa2 sp=0x0000000a46bfba78 mode 2
Event: 2.443 Thread 0x0000019f1e90b9a0 Uncommon trap: trap_request=0xffffffc6 fr.pc=0x0000019ecb588674 relative=0x00000000000012f4
Event: 2.443 Thread 0x0000019f1e90b9a0 Uncommon trap: reason=bimorphic_or_optimized_type_check action=maybe_recompile pc=0x0000019ecb588674 method=java.io.DataInputStream.readFully([BII)V @ 30 c2
Event: 2.443 Thread 0x0000019f1e90b9a0 DEOPT PACKING pc=0x0000019ecb588674 sp=0x0000000a46bfba80
Event: 2.443 Thread 0x0000019f1e90b9a0 DEOPT UNPACKING pc=0x0000019ecaf13aa2 sp=0x0000000a46bfba78 mode 2
Event: 2.508 Thread 0x0000019f1e90b9a0 Uncommon trap: trap_request=0xffffffcc fr.pc=0x0000019ecb595518 relative=0x0000000000000358
Event: 2.508 Thread 0x0000019f1e90b9a0 Uncommon trap: reason=intrinsic_or_type_checked_inlining action=make_not_entrant pc=0x0000019ecb595518 method=java.util.Arrays.copyOf([Ljava/lang/Object;ILjava/lang/Class;)[Ljava/lang/Object; @ 35 c2
Event: 2.508 Thread 0x0000019f1e90b9a0 DEOPT PACKING pc=0x0000019ecb595518 sp=0x0000000a46bfe010
Event: 2.508 Thread 0x0000019f1e90b9a0 DEOPT UNPACKING pc=0x0000019ecaf13aa2 sp=0x0000000a46bfdfa0 mode 2
Event: 2.590 Thread 0x0000019f1e90b9a0 DEOPT PACKING pc=0x0000019ec3d613d6 sp=0x0000000a46bf7bb0
Event: 2.590 Thread 0x0000019f1e90b9a0 DEOPT UNPACKING pc=0x0000019ecaf14242 sp=0x0000000a46bf70c0 mode 0
Event: 2.632 Thread 0x0000019f1e90b9a0 Uncommon trap: trap_request=0xffffff45 fr.pc=0x0000019ecb4b5a00 relative=0x0000000000000f40
Event: 2.632 Thread 0x0000019f1e90b9a0 Uncommon trap: reason=unstable_if action=reinterpret pc=0x0000019ecb4b5a00 method=lombok.patcher.PatchScript.classMatches(Ljava/lang/String;Ljava/util/Collection;)Z @ 25 c2
Event: 2.632 Thread 0x0000019f1e90b9a0 DEOPT PACKING pc=0x0000019ecb4b5a00 sp=0x0000000a46bf7010
Event: 2.632 Thread 0x0000019f1e90b9a0 DEOPT UNPACKING pc=0x0000019ecaf13aa2 sp=0x0000000a46bf6fd0 mode 2
Event: 2.693 Thread 0x0000019f1e90b9a0 Uncommon trap: trap_request=0xffffff45 fr.pc=0x0000019ecb5604f8 relative=0x0000000000001158
Event: 2.693 Thread 0x0000019f1e90b9a0 Uncommon trap: reason=unstable_if action=reinterpret pc=0x0000019ecb5604f8 method=java.util.Properties.loadConvert([CIILjava/lang/StringBuilder;)Ljava/lang/String; @ 491 c2
Event: 2.693 Thread 0x0000019f1e90b9a0 DEOPT PACKING pc=0x0000019ecb5604f8 sp=0x0000000a46bf7da0
Event: 2.693 Thread 0x0000019f1e90b9a0 DEOPT UNPACKING pc=0x0000019ecaf13aa2 sp=0x0000000a46bf7d90 mode 2

Classes loaded (20 events):
Event: 2.643 Loading class java/io/ObjectStreamConstants done
Event: 2.643 Loading class java/io/ObjectInputStream done
Event: 2.643 Loading class java/io/ObjectOutputStream
Event: 2.644 Loading class java/io/ObjectOutput
Event: 2.644 Loading class java/io/ObjectOutput done
Event: 2.644 Loading class java/io/ObjectOutputStream done
Event: 2.644 Loading class java/lang/constant/ClassDesc
Event: 2.644 Loading class java/lang/constant/ClassDesc done
Event: 2.645 Loading class jdk/internal/vm/annotation/ForceInline
Event: 2.645 Loading class jdk/internal/vm/annotation/ForceInline done
Event: 2.693 Loading class java/lang/IllegalCallerException
Event: 2.693 Loading class java/lang/IllegalCallerException done
Event: 2.694 Loading class java/lang/invoke/DirectMethodHandle$1
Event: 2.694 Loading class java/lang/invoke/DirectMethodHandle$1 done
Event: 2.699 Loading class java/text/MessageFormat
Event: 2.700 Loading class java/text/MessageFormat done
Event: 2.703 Loading class java/text/FieldPosition$Delegate
Event: 2.703 Loading class java/text/FieldPosition$Delegate done
Event: 2.704 Loading class java/text/MessageFormat$Field
Event: 2.704 Loading class java/text/MessageFormat$Field done

Classes unloaded (0 events):
No events

Classes redefined (0 events):
No events

Internal exceptions (20 events):
Event: 1.284 Thread 0x0000019ebe450c80 Exception <a 'java/lang/ClassNotFoundException'{0x00000000d698a0c0}: sun/net/www/protocol/plurl/Handler> (0x00000000d698a0c0) 
thrown [s\src\hotspot\share\classfile\systemDictionary.cpp, line 312]
Event: 1.284 Thread 0x0000019ebe450c80 Exception <a 'java/lang/ClassNotFoundException'{0x00000000d698af40}: sun/net/www/protocol/plurl/Handler> (0x00000000d698af40) 
thrown [s\src\hotspot\share\classfile\systemDictionary.cpp, line 312]
Event: 1.516 Thread 0x0000019ebe450c80 Exception <a 'java/lang/UnsatisfiedLinkError'{0x00000000d6dd9700}: 'void org.eclipse.equinox.launcher.JNIBridge._update_splash()'> (0x00000000d6dd9700) 
thrown [s\src\hotspot\share\prims\nativeLookup.cpp, line 415]
Event: 1.556 Thread 0x0000019f1e924530 Exception <a 'java/lang/NoSuchMethodError'{0x00000000d5738160}: 'void java.lang.invoke.DirectMethodHandle$Holder.invokeInterface(java.lang.Object, java.lang.Object, java.lang.Object)'> (0x00000000d5738160) 
thrown [s\src\hotspot\share\interpreter\linkResolver.cpp, line 773]
Event: 1.621 Thread 0x0000019f1e90b9a0 Exception <a 'java/lang/NoSuchMethodError'{0x00000000d5b7abe8}: 'java.lang.Object java.lang.invoke.DirectMethodHandle$Holder.newInvokeSpecial(java.lang.Object, java.lang.Object, int, java.lang.Object)'> (0x00000000d5b7abe8) 
thrown [s\src\hotspot\share\interpreter\linkResolver.cpp, line 773]
Event: 1.622 Thread 0x0000019f1e90b9a0 Exception <a 'java/lang/NoSuchMethodError'{0x00000000d5b7ea18}: 'java.lang.Object java.lang.invoke.DirectMethodHandle$Holder.invokeSpecial(java.lang.Object, java.lang.Object, java.lang.Object, int, java.lang.Object)'> (0x00000000d5b7ea18) 
thrown [s\src\hotspot\share\interpreter\linkResolver.cpp, line 773]
Event: 1.633 Thread 0x0000019f1e90b9a0 Exception <a 'java/lang/NoClassDefFoundError'{0x00000000d5c25368}: jakarta/servlet/ServletContainerInitializer> (0x00000000d5c25368) 
thrown [s\src\hotspot\share\classfile\systemDictionary.cpp, line 301]
Event: 1.655 Thread 0x0000019f1e90b9a0 Exception <a 'java/lang/ClassNotFoundException'{0x00000000d5dab6b0}: sun/util/logging/resources/spi/loggingProvider> (0x00000000d5dab6b0) 
thrown [s\src\hotspot\share\classfile\systemDictionary.cpp, line 312]
Event: 2.267 Thread 0x0000019f1e90b9a0 Exception <a 'java/lang/NullPointerException'{0x00000000d6319c08}> (0x00000000d6319c08) 
thrown [s\src\hotspot\share\interpreter\linkResolver.cpp, line 1372]
Event: 2.267 Thread 0x0000019f1e90b9a0 Exception <a 'java/lang/NullPointerException'{0x00000000d6319ee8}> (0x00000000d6319ee8) 
thrown [s\src\hotspot\share\interpreter\linkResolver.cpp, line 1372]
Event: 2.388 Thread 0x0000019f1e90b9a0 Exception <a 'java/lang/NoSuchMethodError'{0x00000000d6ca0b80}: 'long java.lang.invoke.DirectMethodHandle$Holder.invokeSpecial(java.lang.Object, java.lang.Object)'> (0x00000000d6ca0b80) 
thrown [s\src\hotspot\share\interpreter\linkResolver.cpp, line 773]
Event: 2.438 Thread 0x0000019f1e90b9a0 Exception <a 'java/io/FileNotFoundException'{0x00000000d55d1e20}> (0x00000000d55d1e20) 
thrown [s\src\hotspot\share\prims\jni.cpp, line 520]
Event: 2.540 Thread 0x0000019f1e90b9a0 Exception <a 'java/lang/NoSuchMethodError'{0x00000000d5b3e308}: 'java.lang.Object java.lang.invoke.Invokers$Holder.linkToTargetMethod(java.lang.Object, long, java.lang.Object)'> (0x00000000d5b3e308) 
thrown [s\src\hotspot\share\interpreter\linkResolver.cpp, line 773]
Event: 2.592 Thread 0x0000019f1e90b9a0 Exception <a 'java/lang/NoSuchMethodError'{0x00000000d6091a68}: 'void java.lang.invoke.Invokers$Holder.invokeExact_MT(java.lang.Object, java.lang.Object, java.lang.Object)'> (0x00000000d6091a68) 
thrown [s\src\hotspot\share\interpreter\linkResolver.cpp, line 773]
Event: 2.650 Thread 0x0000019f1e90b9a0 Exception <a 'java/lang/NoSuchMethodError'{0x00000000d6398178}: 'java.lang.Object java.lang.invoke.DirectMethodHandle$Holder.invokeVirtual(java.lang.Object, java.lang.Object, java.lang.Object)'> (0x00000000d6398178) 
thrown [s\src\hotspot\share\interpreter\linkResolver.cpp, line 773]
Event: 2.653 Thread 0x0000019f1e90b9a0 Exception <a 'java/lang/NoSuchMethodError'{0x00000000d63b0510}: 'java.lang.Object java.lang.invoke.DelegatingMethodHandle$Holder.reinvoke_L(java.lang.Object, java.lang.Object, java.lang.Object, java.lang.Object, int, int)'> (0x00000000d63b0510) 
thrown [s\src\hotspot\share\interpreter\linkResolver.cpp, line 773]
Event: 2.657 Thread 0x0000019f1e90b9a0 Exception <a 'java/lang/NoSuchMethodError'{0x00000000d63cd258}: 'java.lang.Object java.lang.invoke.DirectMethodHandle$Holder.newInvokeSpecial(java.lang.Object, java.lang.Object, java.lang.Object, java.lang.Object, java.lang.Object, java.lang.Object)'> (0x00000000d63cd258) 
thrown [s\src\hotspot\share\interpreter\linkResolver.cpp, line 773]
Event: 2.660 Thread 0x0000019f1e90b9a0 Exception <a 'java/lang/NoSuchMethodError'{0x00000000d63f96b8}: 'void java.lang.invoke.Invokers$Holder.invokeExact_MT(java.lang.Object, java.lang.Object, java.lang.Object, java.lang.Object)'> (0x00000000d63f96b8) 
thrown [s\src\hotspot\share\interpreter\linkResolver.cpp, line 773]
Event: 2.689 Thread 0x0000019f1e90b9a0 Exception <a 'java/io/FileNotFoundException'{0x00000000d6550c40}> (0x00000000d6550c40) 
thrown [s\src\hotspot\share\prims\jni.cpp, line 520]
Event: 2.689 Thread 0x0000019f1e90b9a0 Exception <a 'java/io/FileNotFoundException'{0x00000000d65586f8}> (0x00000000d65586f8) 
thrown [s\src\hotspot\share\prims\jni.cpp, line 520]

ZGC Phase Switch (0 events):
No events

VM Operations (20 events):
Event: 1.280 Executing VM operation: HandshakeAllThreads (Deoptimize)
Event: 1.280 Executing VM operation: HandshakeAllThreads (Deoptimize) done
Event: 1.322 Executing VM operation: ICBufferFull
Event: 1.322 Executing VM operation: ICBufferFull done
Event: 1.525 Executing VM operation: ParallelGCFailedAllocation (Allocation Failure)
Event: 1.530 Executing VM operation: ParallelGCFailedAllocation (Allocation Failure) done
Event: 1.646 Executing VM operation: HandshakeAllThreads (Deoptimize)
Event: 1.646 Executing VM operation: HandshakeAllThreads (Deoptimize) done
Event: 1.665 Executing VM operation: HandshakeAllThreads (Deoptimize)
Event: 1.665 Executing VM operation: HandshakeAllThreads (Deoptimize) done
Event: 1.680 Executing VM operation: HandshakeAllThreads (Deoptimize)
Event: 1.680 Executing VM operation: HandshakeAllThreads (Deoptimize) done
Event: 1.687 Executing VM operation: HandshakeAllThreads (Deoptimize)
Event: 1.687 Executing VM operation: HandshakeAllThreads (Deoptimize) done
Event: 1.906 Executing VM operation: ParallelGCFailedAllocation (Allocation Failure)
Event: 1.913 Executing VM operation: ParallelGCFailedAllocation (Allocation Failure) done
Event: 2.344 Executing VM operation: HandshakeAllThreads (Deoptimize)
Event: 2.344 Executing VM operation: HandshakeAllThreads (Deoptimize) done
Event: 2.428 Executing VM operation: ParallelGCFailedAllocation (Allocation Failure)
Event: 2.432 Executing VM operation: ParallelGCFailedAllocation (Allocation Failure) done

Memory protections (0 events):
No events

Nmethod flushes (0 events):
No events

Events (20 events):
Event: 0.067 Thread 0x0000019ebe450c80 Thread added: 0x0000019ebe450c80
Event: 0.077 Thread 0x0000019ebe450c80 Thread added: 0x0000019ed723d880
Event: 0.077 Thread 0x0000019ebe450c80 Thread added: 0x0000019ed723e4d0
Event: 0.078 Thread 0x0000019ebe450c80 Thread added: 0x0000019ec083cef0
Event: 0.078 Thread 0x0000019ebe450c80 Thread added: 0x0000019ec083d940
Event: 0.078 Thread 0x0000019ebe450c80 Thread added: 0x0000019ec083f810
Event: 0.078 Thread 0x0000019ebe450c80 Thread added: 0x0000019ec08408b0
Event: 0.078 Thread 0x0000019ebe450c80 Thread added: 0x0000019ec0844800
Event: 0.078 Thread 0x0000019ebe450c80 Thread added: 0x0000019f19bb94a0
Event: 0.124 Thread 0x0000019ebe450c80 Thread added: 0x0000019f19d600b0
Event: 0.193 Thread 0x0000019f19bb94a0 Thread added: 0x0000019f19ef4a20
Event: 0.291 Thread 0x0000019ebe450c80 Thread added: 0x0000019f19f01500
Event: 0.509 Thread 0x0000019f19bb94a0 Thread added: 0x0000019f1e044f00
Event: 1.204 Thread 0x0000019ebe450c80 Thread added: 0x0000019f1ea0b4d0
Event: 1.515 Thread 0x0000019ebe450c80 Thread added: 0x0000019f1e924530
Event: 1.558 Thread 0x0000019f1e924530 Thread added: 0x0000019f1e90b340
Event: 1.560 Thread 0x0000019ebe450c80 Thread added: 0x0000019f1e90b9a0
Event: 1.950 Thread 0x0000019f1e90b9a0 Thread added: 0x0000019f1e938680
Event: 2.334 Thread 0x0000019f1e90b9a0 Thread added: 0x0000019f1e93ade0
Event: 2.577 Thread 0x0000019f1e90b9a0 Thread added: 0x0000019f1e93b470


Dynamic libraries:
0x00007ff6467c0000 - 0x00007ff6467ce000 	c:\Users\vidhu\.vscode\extensions\redhat.java-1.50.0-win32-x64\jre\21.0.9-win32-x86_64\bin\java.exe
0x00007ffaa9f10000 - 0x00007ffaaa128000 	C:\WINDOWS\SYSTEM32\ntdll.dll
0x00007ffaa80b0000 - 0x00007ffaa8174000 	C:\WINDOWS\System32\KERNEL32.DLL
0x00007ffaa7590000 - 0x00007ffaa7963000 	C:\WINDOWS\System32\KERNELBASE.dll
0x00007ffaa7020000 - 0x00007ffaa7131000 	C:\WINDOWS\System32\ucrtbase.dll
0x00007ffa97b70000 - 0x00007ffa97b88000 	c:\Users\vidhu\.vscode\extensions\redhat.java-1.50.0-win32-x64\jre\21.0.9-win32-x86_64\bin\jli.dll
0x00007ffa97ef0000 - 0x00007ffa97f0e000 	c:\Users\vidhu\.vscode\extensions\redhat.java-1.50.0-win32-x64\jre\21.0.9-win32-x86_64\bin\VCRUNTIME140.dll
0x00007ffaa7e40000 - 0x00007ffaa7ff2000 	C:\WINDOWS\System32\USER32.dll
0x00007ffaa7b80000 - 0x00007ffaa7ba6000 	C:\WINDOWS\System32\win32u.dll
0x00007ffaa8200000 - 0x00007ffaa8229000 	C:\WINDOWS\System32\GDI32.dll
0x00007ffa90e30000 - 0x00007ffa910cc000 	C:\WINDOWS\WinSxS\amd64_microsoft.windows.common-controls_6595b64144ccf1df_6.0.22621.6060_none_2712eda17382d24b\COMCTL32.dll
0x00007ffaa7300000 - 0x00007ffaa741b000 	C:\WINDOWS\System32\gdi32full.dll
0x00007ffaa7ab0000 - 0x00007ffaa7b4a000 	C:\WINDOWS\System32\msvcp_win.dll
0x00007ffaa7bb0000 - 0x00007ffaa7c57000 	C:\WINDOWS\System32\msvcrt.dll
0x00007ffaa7e00000 - 0x00007ffaa7e31000 	C:\WINDOWS\System32\IMM32.DLL
0x0000000073790000 - 0x000000007379c000 	C:\Program Files (x86)\360\Total Security\safemon\SafeWrapper.dll
0x00007ffaa7c60000 - 0x00007ffaa7d11000 	C:\WINDOWS\System32\ADVAPI32.dll
0x00007ffaa9420000 - 0x00007ffaa94c8000 	C:\WINDOWS\System32\sechost.dll
0x00007ffaa7b50000 - 0x00007ffaa7b78000 	C:\WINDOWS\System32\bcrypt.dll
0x00007ffaa9550000 - 0x00007ffaa9668000 	C:\WINDOWS\System32\RPCRT4.dll
0x00007ffa58ce0000 - 0x00007ffa58d8c000 	C:\Program Files (x86)\360\Total Security\safemon\libzdtp64.dll
0x00007ffaa8750000 - 0x00007ffaa8fec000 	C:\WINDOWS\System32\SHELL32.dll
0x00007ffaa7140000 - 0x00007ffaa727f000 	C:\WINDOWS\System32\wintypes.dll
0x00007ffaa9070000 - 0x00007ffaa9401000 	C:\WINDOWS\System32\combase.dll
0x00007ffaa94d0000 - 0x00007ffaa9539000 	C:\WINDOWS\System32\SHLWAPI.dll
0x00007ffaa69f0000 - 0x00007ffaa69fa000 	C:\WINDOWS\SYSTEM32\VERSION.dll
0x00007ffaa0580000 - 0x00007ffaa058c000 	c:\Users\vidhu\.vscode\extensions\redhat.java-1.50.0-win32-x64\jre\21.0.9-win32-x86_64\bin\vcruntime140_1.dll
0x00007ffa5fcf0000 - 0x00007ffa5fd7d000 	c:\Users\vidhu\.vscode\extensions\redhat.java-1.50.0-win32-x64\jre\21.0.9-win32-x86_64\bin\msvcp140.dll
0x00007ffa21050000 - 0x00007ffa21df0000 	c:\Users\vidhu\.vscode\extensions\redhat.java-1.50.0-win32-x64\jre\21.0.9-win32-x86_64\bin\server\jvm.dll
0x00007ffaa8180000 - 0x00007ffaa81f1000 	C:\WINDOWS\System32\WS2_32.dll
0x00007ffa9f5d0000 - 0x00007ffa9f604000 	C:\WINDOWS\SYSTEM32\WINMM.dll
0x00007ffaa6ef0000 - 0x00007ffaa6f3d000 	C:\WINDOWS\SYSTEM32\POWRPROF.dll
0x00007ffaa6ed0000 - 0x00007ffaa6ee3000 	C:\WINDOWS\SYSTEM32\UMPDC.dll
0x00007ffaa5f50000 - 0x00007ffaa5f68000 	C:\WINDOWS\SYSTEM32\kernel.appcore.dll
0x00007ffa9f930000 - 0x00007ffa9f93a000 	c:\Users\vidhu\.vscode\extensions\redhat.java-1.50.0-win32-x64\jre\21.0.9-win32-x86_64\bin\jimage.dll
0x00007ffaa48b0000 - 0x00007ffaa4ae3000 	C:\WINDOWS\SYSTEM32\DBGHELP.DLL
0x00007ffaa7d20000 - 0x00007ffaa7df8000 	C:\WINDOWS\System32\OLEAUT32.dll
0x00007ffa85fb0000 - 0x00007ffa85fe2000 	C:\WINDOWS\SYSTEM32\dbgcore.DLL
0x00007ffaa7280000 - 0x00007ffaa72fb000 	C:\WINDOWS\System32\bcryptPrimitives.dll
0x00007ffa9f8d0000 - 0x00007ffa9f8df000 	c:\Users\vidhu\.vscode\extensions\redhat.java-1.50.0-win32-x64\jre\21.0.9-win32-x86_64\bin\instrument.dll
0x00007ffa979a0000 - 0x00007ffa979c0000 	c:\Users\vidhu\.vscode\extensions\redhat.java-1.50.0-win32-x64\jre\21.0.9-win32-x86_64\bin\java.dll
0x00007ffaa4e60000 - 0x00007ffaa577a000 	C:\WINDOWS\SYSTEM32\windows.storage.dll
0x00007ffaa8590000 - 0x00007ffaa8694000 	C:\WINDOWS\System32\SHCORE.dll
0x00007ffaa6f50000 - 0x00007ffaa6f75000 	C:\WINDOWS\SYSTEM32\profapi.dll
0x00007ffa97ac0000 - 0x00007ffa97ad8000 	c:\Users\vidhu\.vscode\extensions\redhat.java-1.50.0-win32-x64\jre\21.0.9-win32-x86_64\bin\zip.dll
0x00007ffa9f880000 - 0x00007ffa9f890000 	C:\Users\vidhu\.vscode\extensions\redhat.java-1.50.0-win32-x64\jre\21.0.9-win32-x86_64\bin\net.dll
0x00007ffaa10a0000 - 0x00007ffaa11cc000 	C:\WINDOWS\SYSTEM32\WINHTTP.dll
0x00007ffaa6410000 - 0x00007ffaa6479000 	C:\WINDOWS\system32\mswsock.dll
0x00007ffa97870000 - 0x00007ffa97886000 	C:\Users\vidhu\.vscode\extensions\redhat.java-1.50.0-win32-x64\jre\21.0.9-win32-x86_64\bin\nio.dll
0x00007ffa9f860000 - 0x00007ffa9f870000 	c:\Users\vidhu\.vscode\extensions\redhat.java-1.50.0-win32-x64\jre\21.0.9-win32-x86_64\bin\verify.dll
0x00007ffa63290000 - 0x00007ffa632d4000 	C:\Users\vidhu\AppData\Roaming\Code\User\globalStorage\redhat.java\1.50.0\config_win\org.eclipse.equinox.launcher\org.eclipse.equinox.launcher.win32.win32.x86_64_1.2.1400.v20250801-0854\eclipse_11916.dll
0x00007ffaa8360000 - 0x00007ffaa8501000 	C:\WINDOWS\System32\ole32.dll

JVMTI agents:
c:\Users\vidhu\.vscode\extensions\redhat.java-1.50.0-win32-x64\lombok\lombok-1.18.39-4050.jar path:c:\Users\vidhu\.vscode\extensions\redhat.java-1.50.0-win32-x64\jre\21.0.9-win32-x86_64\bin\instrument.dll, loaded, initialized, instrumentlib options:none

dbghelp: loaded successfully - version: 4.0.5 - missing functions: none
symbol engine: initialized successfully - sym options: 0x614 - pdb path: .;c:\Users\vidhu\.vscode\extensions\redhat.java-1.50.0-win32-x64\jre\21.0.9-win32-x86_64\bin;C:\WINDOWS\SYSTEM32;C:\WINDOWS\WinSxS\amd64_microsoft.windows.common-controls_6595b64144ccf1df_6.0.22621.6060_none_2712eda17382d24b;C:\Program Files (x86)\360\Total Security\safemon;c:\Users\vidhu\.vscode\extensions\redhat.java-1.50.0-win32-x64\jre\21.0.9-win32-x86_64\bin\server;C:\Users\vidhu\AppData\Roaming\Code\User\globalStorage\redhat.java\1.50.0\config_win\org.eclipse.equinox.launcher\org.eclipse.equinox.launcher.win32.win32.x86_64_1.2.1400.v20250801-0854

VM Arguments:
jvm_args: --add-modules=ALL-SYSTEM --add-opens=java.base/java.util=ALL-UNNAMED --add-opens=java.base/java.lang=ALL-UNNAMED --add-opens=java.base/sun.nio.fs=ALL-UNNAMED -Declipse.application=org.eclipse.jdt.ls.core.id1 -Dosgi.bundles.defaultStartLevel=4 -Declipse.product=org.eclipse.jdt.ls.core.product -Djava.import.generatesMetadataFilesAtProjectRoot=false -DDetectVMInstallationsJob.disabled=true -Dfile.encoding=utf8 -XX:+UseParallelGC -XX:GCTimeRatio=4 -XX:AdaptiveSizePolicyWeight=90 -Dsun.zip.disableMemoryMapping=true -Xmx2G -Xms100m -Xlog:disable -javaagent:c:\Users\vidhu\.vscode\extensions\redhat.java-1.50.0-win32-x64\lombok\lombok-1.18.39-4050.jar -XX:+HeapDumpOnOutOfMemoryError -XX:HeapDumpPath=c:\Users\vidhu\AppData\Roaming\Code\User\workspaceStorage\49c52aec0c0f0eaed3f57af150e8482a\redhat.java -Daether.dependencyCollector.impl=bf 
java_command: c:\Users\vidhu\.vscode\extensions\redhat.java-1.50.0-win32-x64\server\plugins\org.eclipse.equinox.launcher_1.7.100.v20251111-0406.jar -configuration c:\Users\vidhu\AppData\Roaming\Code\User\globalStorage\redhat.java\1.50.0\config_win -data c:\Users\vidhu\AppData\Roaming\Code\User\workspaceStorage\49c52aec0c0f0eaed3f57af150e8482a\redhat.java\jdt_ws --pipe=\\.\pipe\lsp-b91eb9030a5c35ae5f1ca07aa6d79c40-sock
java_class_path (initial): c:\Users\vidhu\.vscode\extensions\redhat.java-1.50.0-win32-x64\server\plugins\org.eclipse.equinox.launcher_1.7.100.v20251111-0406.jar
Launcher Type: SUN_STANDARD

[Global flags]
    uintx AdaptiveSizePolicyWeight                 = 90                                        {product} {command line}
     intx CICompilerCount                          = 4                                         {product} {ergonomic}
    uintx GCTimeRatio                              = 4                                         {product} {command line}
     bool HeapDumpOnOutOfMemoryError               = true                                   {manageable} {command line}
    ccstr HeapDumpPath                             = c:\Users\vidhu\AppData\Roaming\Code\User\workspaceStorage\49c52aec0c0f0eaed3f57af150e8482a\redhat.java         {manageable} {command line}
   size_t InitialHeapSize                          = 104857600                                 {product} {command line}
   size_t MaxHeapSize                              = 2147483648                                {product} {command line}
   size_t MaxNewSize                               = 715653120                                 {product} {ergonomic}
   size_t MinHeapDeltaBytes                        = 524288                                    {product} {ergonomic}
   size_t MinHeapSize                              = 104857600                                 {product} {command line}
   size_t NewSize                                  = 34603008                                  {product} {ergonomic}
    uintx NonNMethodCodeHeapSize                   = 5839372                                {pd product} {ergonomic}
    uintx NonProfiledCodeHeapSize                  = 122909434                              {pd product} {ergonomic}
   size_t OldSize                                  = 70254592                                  {product} {ergonomic}
    uintx ProfiledCodeHeapSize                     = 122909434                              {pd product} {ergonomic}
    uintx ReservedCodeCacheSize                    = 251658240                              {pd product} {ergonomic}
     bool SegmentedCodeCache                       = true                                      {product} {ergonomic}
   size_t SoftMaxHeapSize                          = 2147483648                             {manageable} {ergonomic}
     bool UseCompressedOops                        = true                           {product lp64_product} {ergonomic}
     bool UseLargePagesIndividualAllocation        = false                                  {pd product} {ergonomic}
     bool UseParallelGC                            = true                                      {product} {command line}

Logging:
Log output configuration:
 #0: stdout all=off uptime,level,tags foldmultilines=false
 #1: stderr all=off uptime,level,tags foldmultilines=false

Release file:
JAVA_VERSION="21.0.9" 
MODULES="java.base java.compiler java.datatransfer java.xml java.prefs java.desktop java.instrument java.logging java.management java.security.sasl java.naming java.rmi java.management.rmi java.net.http java.scripting java.security.jgss java.transaction.xa java.sql java.sql.rowset java.xml.crypto java.se java.smartcardio jdk.accessibility jdk.internal.jvmstat jdk.attach jdk.charsets jdk.internal.opt jdk.zipfs jdk.compiler jdk.crypto.ec jdk.crypto.cryptoki jdk.crypto.mscapi jdk.dynalink jdk.internal.ed jdk.editpad jdk.hotspot.agent jdk.httpserver jdk.internal.le jdk.internal.vm.ci jdk.internal.vm.compiler jdk.internal.vm.compiler.management jdk.jartool jdk.javadoc jdk.jcmd jdk.management jdk.management.agent jdk.jconsole jdk.jdeps jdk.jdwp.agent jdk.jdi jdk.jfr jdk.jshell jdk.jsobject jdk.jstatd jdk.localedata jdk.management.jfr jdk.naming.dns jdk.naming.rmi jdk.net jdk.nio.mapmode jdk.random jdk.sctp jdk.security.auth jdk.security.jgss jdk.unsupported jdk.unsupported.desktop jdk.xml.dom" 

Environment Variables:
JAVA_HOME=C:\Program Files\Java\jdk-25
PATH=C:\Program Files\Common Files\Oracle\Java\javapath;C:\WINDOWS\system32;C:\WINDOWS;C:\WINDOWS\System32\Wbem;C:\WINDOWS\System32\WindowsPowerShell\v1.0\;C:\WINDOWS\System32\OpenSSH\;C:\Program Files\Java\jdk-25\bin;C:\Program Files\apache-maven-3.9.11\bin;C:\Program Files\cursor\resources\app\bin;C:\Program Files\Git\cmd;C:\Program Files\MySQL\MySQL Server 8.0\bin;C:\Program Files\MySQL\MySQL Shell 8.0\bin\;C:\Users\vidhu\AppData\Local\Microsoft\WindowsApps;C:\Users\vidhu\AppData\Local\Programs\Microsoft VS Code\bin;
USERNAME=vidhu
OS=Windows_NT
PROCESSOR_IDENTIFIER=Intel64 Family 6 Model 154 Stepping 4, GenuineIntel
TMP=C:\Users\vidhu\AppData\Local\Temp
TEMP=C:\Users\vidhu\AppData\Local\Temp




Periodic native trim disabled

---------------  S Y S T E M  ---------------

OS:
 Windows 11 , 64 bit Build 22621 (10.0.22621.5415)
OS uptime: 0 days 4:27 hours
Hyper-V role detected

CPU: total 8 (initial active 8) (4 cores per cpu, 2 threads per core) family 6 model 154 stepping 4 microcode 0x424, cx8, cmov, fxsr, ht, mmx, 3dnowpref, sse, sse2, sse3, ssse3, sse4.1, sse4.2, popcnt, lzcnt, tsc, tscinvbit, avx, avx2, aes, erms, clmul, bmi1, bmi2, adx, sha, fma, vzeroupper, clflush, clflushopt, clwb, hv, serialize, rdtscp, rdpid, fsrm, f16c, cet_ibt, cet_ss
Processor Information for processor 0
  Max Mhz: 1200, Current Mhz: 1200, Mhz Limit: 1200
Processor Information for processor 1
  Max Mhz: 1200, Current Mhz: 1200, Mhz Limit: 1200
Processor Information for processor 2
  Max Mhz: 1200, Current Mhz: 1200, Mhz Limit: 1200
Processor Information for processor 3
  Max Mhz: 1200, Current Mhz: 1200, Mhz Limit: 1200
Processor Information for processor 4
  Max Mhz: 900, Current Mhz: 900, Mhz Limit: 900
Processor Information for processor 5
  Max Mhz: 900, Current Mhz: 900, Mhz Limit: 900
Processor Information for processor 6
  Max Mhz: 900, Current Mhz: 900, Mhz Limit: 900
Processor Information for processor 7
  Max Mhz: 900, Current Mhz: 900, Mhz Limit: 900

Memory: 4k page, system-wide physical 7916M (1095M free)
TotalPageFile size 10211M (AvailPageFile size 274M)
current process WorkingSet (physical memory assigned to process): 121M, peak: 121M
current process commit charge ("private bytes"): 260M, peak: 260M

vm_info: OpenJDK 64-Bit Server VM (21.0.9+10-LTS) for windows-amd64 JRE (21.0.9+10-LTS), built on 2025-10-21T00:00:00Z by "admin" with unknown MS VC++:1942

END.
